<?xml version="1.0" encoding="UTF-8"?>
<coverage generated="1790120857798" clover="3.2.0">
  <project timestamp="1790120857798" name="All files">
    <metrics statements="259" coveredstatements="210" conditionals="265" coveredconditionals="203" methods="73" coveredmethods="60" elements="597" coveredelements="473" complexity="0" loc="259" ncloc="259" packages="16" files="17" classes="17"/>
    <package name="components.common.Button.ButtonSelection">
      <metrics statements="1" coveredstatements="1" conditionals="14" coveredconditionals="14" methods="1" coveredmethods="1"/>
      <file name="ButtonSelection.jsx" path="C:\Users\kayla\Documentos\Dev\Projeto Integrado III\aloya\frontend\components\common\Button\ButtonSelection\ButtonSelection.jsx">
        <metrics statements="1" coveredstatements="1" conditionals="14" coveredconditionals="14" methods="1" coveredmethods="1"/>
        <line num="6" count="28" type="stmt"/>
      </file>
    </package>
    <package name="components.common.NavigationField">
      <metrics statements="7" coveredstatements="7" conditionals="27" coveredconditionals="27" methods="2" coveredmethods="2"/>
      <file name="NavigationField.jsx" path="C:\Users\kayla\Documentos\Dev\Projeto Integrado III\aloya\frontend\components\common\NavigationField\NavigationField.jsx">
        <metrics statements="7" coveredstatements="7" conditionals="27" coveredconditionals="27" methods="2" coveredmethods="2"/>
        <line num="8" count="1" type="stmt"/>
        <line num="17" count="18" type="stmt"/>
        <line num="23" count="18" type="stmt"/>
        <line num="25" count="18" type="stmt"/>
        <line num="26" count="18" type="stmt"/>
        <line num="27" count="18" type="cond" truecount="2" falsecount="0"/>
        <line num="29" count="18" type="stmt"/>
      </file>
    </package>
    <package name="components.feedback.Bottomsheet">
      <metrics statements="30" coveredstatements="26" conditionals="19" coveredconditionals="14" methods="7" coveredmethods="7"/>
      <file name="BottomSheet.jsx" path="C:\Users\kayla\Documentos\Dev\Projeto Integrado III\aloya\frontend\components\feedback\Bottomsheet\BottomSheet.jsx">
        <metrics statements="30" coveredstatements="26" conditionals="19" coveredconditionals="14" methods="7" coveredmethods="7"/>
        <line num="7" count="15" type="stmt"/>
        <line num="11" count="15" type="stmt"/>
        <line num="15" count="15" type="stmt"/>
        <line num="17" count="15" type="stmt"/>
        <line num="18" count="15" type="stmt"/>
        <line num="19" count="15" type="stmt"/>
        <line num="21" count="15" type="stmt"/>
        <line num="23" count="15" type="stmt"/>
        <line num="31" count="1" type="stmt"/>
        <line num="41" count="4" type="stmt"/>
        <line num="48" count="2" type="cond" truecount="4" falsecount="0"/>
        <line num="49" count="1" type="stmt"/>
        <line num="50" count="1" type="stmt"/>
        <line num="55" count="15" type="stmt"/>
        <line num="56" count="14" type="cond" truecount="2" falsecount="0"/>
        <line num="57" count="10" type="cond" truecount="1" falsecount="1"/>
        <line num="58" count="0" type="stmt"/>
        <line num="59" count="0" type="stmt"/>
        <line num="60" count="0" type="stmt"/>
        <line num="61" count="10" type="cond" truecount="1" falsecount="1"/>
        <line num="62" count="0" type="stmt"/>
        <line num="64" count="10" type="stmt"/>
        <line num="67" count="4" type="cond" truecount="1" falsecount="1"/>
        <line num="68" count="4" type="stmt"/>
        <line num="73" count="1" type="stmt"/>
        <line num="75" count="1" type="cond" truecount="1" falsecount="1"/>
        <line num="76" count="1" type="stmt"/>
        <line num="81" count="3" type="cond" truecount="2" falsecount="0"/>
        <line num="82" count="2" type="stmt"/>
        <line num="86" count="15" type="stmt"/>
      </file>
    </package>
    <package name="components.feedback.DatePickerSheet">
      <metrics statements="144" coveredstatements="115" conditionals="108" coveredconditionals="76" methods="38" coveredmethods="30"/>
      <file name="DatePickerSheet.jsx" path="C:\Users\kayla\Documentos\Dev\Projeto Integrado III\aloya\frontend\components\feedback\DatePickerSheet\DatePickerSheet.jsx">
        <metrics statements="144" coveredstatements="115" conditionals="108" coveredconditionals="76" methods="38" coveredmethods="30"/>
        <line num="14" count="1" type="stmt"/>
        <line num="15" count="1" type="stmt"/>
        <line num="16" count="1" type="stmt"/>
        <line num="18" count="1" type="stmt"/>
        <line num="19" count="1" type="stmt"/>
        <line num="21" count="1" type="stmt"/>
        <line num="26" count="1" type="stmt"/>
        <line num="29" count="32" type="cond" truecount="2" falsecount="0"/>
        <line num="30" count="14" type="stmt"/>
        <line num="33" count="18" type="stmt"/>
        <line num="35" count="18" type="cond" truecount="1" falsecount="1"/>
        <line num="36" count="0" type="stmt"/>
        <line num="39" count="18" type="stmt"/>
        <line num="40" count="18" type="stmt"/>
        <line num="41" count="18" type="stmt"/>
        <line num="43" count="18" type="cond" truecount="1" falsecount="1"/>
        <line num="46" count="0" type="stmt"/>
        <line num="50" count="18" type="stmt"/>
        <line num="56" count="18" type="cond" truecount="1" falsecount="1"/>
        <line num="59" count="0" type="stmt"/>
        <line num="62" count="18" type="stmt"/>
        <line num="71" count="16" type="stmt"/>
        <line num="73" count="16" type="cond" truecount="1" falsecount="1"/>
        <line num="74" count="16" type="stmt"/>
        <line num="80" count="0" type="stmt"/>
        <line num="82" count="0" type="stmt"/>
        <line num="89" count="62" type="stmt"/>
        <line num="96" count="62" type="stmt"/>
        <line num="102" count="62" type="stmt"/>
        <line num="108" count="24" type="stmt"/>
        <line num="110" count="24" type="stmt"/>
        <line num="117" count="0" type="stmt"/>
        <line num="121" count="13" type="stmt"/>
        <line num="125" count="0" type="stmt"/>
        <line num="131" count="0" type="stmt"/>
        <line num="135" count="0" type="stmt"/>
        <line num="144" count="4" type="stmt"/>
        <line num="147" count="334" type="stmt"/>
        <line num="177" count="1" type="stmt"/>
        <line num="180" count="56" type="stmt"/>
        <line num="187" count="392" type="cond" truecount="2" falsecount="0"/>
        <line num="188" count="58" type="stmt"/>
        <line num="196" count="334" type="stmt"/>
        <line num="214" count="1" type="stmt"/>
        <line num="217" count="24" type="stmt"/>
        <line num="218" count="24" type="stmt"/>
        <line num="219" count="24" type="stmt"/>
        <line num="220" count="24" type="stmt"/>
        <line num="222" count="24" type="stmt"/>
        <line num="224" count="24" type="stmt"/>
        <line num="225" count="24" type="stmt"/>
        <line num="227" count="24" type="stmt"/>
        <line num="228" count="24" type="stmt"/>
        <line num="230" count="24" type="stmt"/>
        <line num="231" count="8" type="cond" truecount="1" falsecount="1"/>
        <line num="232" count="0" type="stmt"/>
        <line num="235" count="8" type="stmt"/>
        <line num="241" count="8" type="stmt"/>
        <line num="242" count="8" type="stmt"/>
        <line num="247" count="24" type="stmt"/>
        <line num="248" count="62" type="cond" truecount="1" falsecount="1"/>
        <line num="251" count="0" type="stmt"/>
        <line num="254" count="62" type="stmt"/>
        <line num="255" count="62" type="stmt"/>
        <line num="257" count="62" type="cond" truecount="2" falsecount="0"/>
        <line num="258" count="62" type="cond" truecount="2" falsecount="0"/>
        <line num="260" count="62" type="stmt"/>
        <line num="265" count="24" type="stmt"/>
        <line num="266" count="0" type="cond" truecount="0" falsecount="2"/>
        <line num="267" count="0" type="stmt"/>
        <line num="270" count="0" type="stmt"/>
        <line num="271" count="0" type="cond" truecount="0" falsecount="2"/>
        <line num="272" count="0" type="stmt"/>
        <line num="276" count="0" type="stmt"/>
        <line num="279" count="24" type="stmt"/>
        <line num="280" count="2" type="stmt"/>
        <line num="282" count="2" type="cond" truecount="1" falsecount="1"/>
        <line num="283" count="0" type="stmt"/>
        <line num="286" count="2" type="stmt"/>
        <line num="289" count="24" type="stmt"/>
        <line num="290" count="1" type="stmt"/>
        <line num="293" count="24" type="stmt"/>
        <line num="294" count="1" type="stmt"/>
        <line num="297" count="24" type="stmt"/>
        <line num="298" count="1" type="cond" truecount="1" falsecount="1"/>
        <line num="299" count="1" type="stmt"/>
        <line num="303" count="24" type="stmt"/>
        <line num="304" count="0" type="cond" truecount="0" falsecount="2"/>
        <line num="305" count="0" type="stmt"/>
        <line num="309" count="24" type="stmt"/>
        <line num="310" count="334" type="cond" truecount="2" falsecount="0"/>
        <line num="311" count="334" type="cond" truecount="2" falsecount="0"/>
        <line num="313" count="334" type="stmt"/>
        <line num="318" count="24" type="stmt"/>
        <line num="319" count="4" type="cond" truecount="1" falsecount="1"/>
        <line num="320" count="0" type="stmt"/>
        <line num="323" count="4" type="cond" truecount="2" falsecount="0"/>
        <line num="324" count="1" type="stmt"/>
        <line num="325" count="1" type="stmt"/>
        <line num="328" count="3" type="stmt"/>
        <line num="330" count="3" type="stmt"/>
        <line num="331" count="3" type="stmt"/>
        <line num="333" count="3" type="stmt"/>
        <line num="335" count="3" type="stmt"/>
        <line num="336" count="3" type="stmt"/>
        <line num="337" count="2" type="cond" truecount="2" falsecount="0"/>
        <line num="338" count="1" type="stmt"/>
        <line num="339" count="1" type="stmt"/>
        <line num="342" count="1" type="stmt"/>
        <line num="344" count="1" type="stmt"/>
        <line num="346" count="3" type="stmt"/>
        <line num="347" count="3" type="stmt"/>
        <line num="350" count="2" type="cond" truecount="2" falsecount="0"/>
        <line num="351" count="1" type="stmt"/>
        <line num="355" count="24" type="stmt"/>
        <line num="356" count="24" type="stmt"/>
        <line num="357" count="11" type="stmt"/>
        <line num="358" count="56" type="stmt"/>
        <line num="363" count="11" type="stmt"/>
        <line num="366" count="24" type="stmt"/>
        <line num="367" count="12" type="stmt"/>
        <line num="370" count="1" type="cond" truecount="3" falsecount="1"/>
        <line num="371" count="0" type="stmt"/>
        <line num="374" count="1" type="stmt"/>
        <line num="379" count="1" type="stmt"/>
        <line num="382" count="12" type="stmt"/>
        <line num="406" count="24" type="stmt"/>
        <line num="407" count="0" type="stmt"/>
        <line num="408" count="0" type="stmt"/>
        <line num="411" count="0" type="cond" truecount="0" falsecount="4"/>
        <line num="412" count="0" type="stmt"/>
        <line num="415" count="0" type="stmt"/>
        <line num="420" count="0" type="stmt"/>
        <line num="423" count="0" type="stmt"/>
        <line num="447" count="24" type="stmt"/>
        <line num="450" count="24" type="stmt"/>
        <line num="452" count="11" type="stmt"/>
        <line num="464" count="24" type="stmt"/>
        <line num="470" count="24" type="stmt"/>
        <line num="476" count="24" type="stmt"/>
        <line num="481" count="24" type="stmt"/>
        <line num="485" count="24" type="stmt"/>
        <line num="717" count="161" type="stmt"/>
        <line num="754" count="117" type="stmt"/>
      </file>
    </package>
    <package name="components.feedback.EditFieldSheet">
      <metrics statements="26" coveredstatements="24" conditionals="47" coveredconditionals="42" methods="5" coveredmethods="4"/>
      <file name="EditFieldSheet.jsx" path="C:\Users\kayla\Documentos\Dev\Projeto Integrado III\aloya\frontend\components\feedback\EditFieldSheet\EditFieldSheet.jsx">
        <metrics statements="26" coveredstatements="24" conditionals="47" coveredconditionals="42" methods="5" coveredmethods="4"/>
        <line num="9" count="7" type="cond" truecount="1" falsecount="1"/>
        <line num="12" count="7" type="stmt"/>
        <line num="14" count="7" type="cond" truecount="2" falsecount="0"/>
        <line num="15" count="1" type="stmt"/>
        <line num="22" count="6" type="stmt"/>
        <line num="26" count="6" type="stmt"/>
        <line num="29" count="6" type="cond" truecount="2" falsecount="0"/>
        <line num="32" count="6" type="cond" truecount="2" falsecount="0"/>
        <line num="33" count="1" type="stmt"/>
        <line num="36" count="6" type="cond" truecount="2" falsecount="0"/>
        <line num="37" count="2" type="stmt"/>
        <line num="40" count="4" type="cond" truecount="2" falsecount="0"/>
        <line num="41" count="2" type="stmt"/>
        <line num="47" count="2" type="stmt"/>
        <line num="55" count="13" type="stmt"/>
        <line num="56" count="13" type="stmt"/>
        <line num="57" count="13" type="stmt"/>
        <line num="59" count="13" type="cond" truecount="2" falsecount="0"/>
        <line num="64" count="0" type="cond" truecount="0" falsecount="2"/>
        <line num="65" count="0" type="stmt"/>
        <line num="70" count="7" type="cond" truecount="2" falsecount="0"/>
        <line num="71" count="6" type="stmt"/>
        <line num="77" count="6" type="stmt"/>
        <line num="80" count="1" type="stmt"/>
        <line num="82" count="1" type="stmt"/>
        <line num="85" count="13" type="stmt"/>
      </file>
    </package>
    <package name="components.feedback.SelectionSheet">
      <metrics statements="4" coveredstatements="4" conditionals="1" coveredconditionals="0" methods="4" coveredmethods="4"/>
      <file name="SelectionSheet.jsx" path="C:\Users\kayla\Documentos\Dev\Projeto Integrado III\aloya\frontend\components\feedback\SelectionSheet\SelectionSheet.jsx">
        <metrics statements="4" coveredstatements="4" conditionals="1" coveredconditionals="0" methods="4" coveredmethods="4"/>
        <line num="9" count="25" type="stmt"/>
        <line num="15" count="1" type="stmt"/>
        <line num="18" count="19" type="stmt"/>
        <line num="29" count="8" type="stmt"/>
      </file>
    </package>
    <package name="components.navigation.BottomTab.BottomTabBar">
      <metrics statements="4" coveredstatements="4" conditionals="2" coveredconditionals="2" methods="3" coveredmethods="3"/>
      <file name="BottomTabBar.jsx" path="C:\Users\kayla\Documentos\Dev\Projeto Integrado III\aloya\frontend\components\navigation\BottomTab\BottomTabBar\BottomTabBar.jsx">
        <metrics statements="4" coveredstatements="4" conditionals="2" coveredconditionals="2" methods="3" coveredmethods="3"/>
        <line num="13" count="1" type="stmt"/>
        <line num="44" count="5" type="stmt"/>
        <line num="47" count="65" type="stmt"/>
        <line num="60" count="13" type="stmt"/>
      </file>
    </package>
    <package name="components.navigation.BottomTab.BottomTabItem">
      <metrics statements="2" coveredstatements="2" conditionals="9" coveredconditionals="9" methods="1" coveredmethods="1"/>
      <file name="BottomTabItem.jsx" path="C:\Users\kayla\Documentos\Dev\Projeto Integrado III\aloya\frontend\components\navigation\BottomTab\BottomTabItem\BottomTabItem.jsx">
        <metrics statements="2" coveredstatements="2" conditionals="9" coveredconditionals="9" methods="1" coveredmethods="1"/>
        <line num="6" count="75" type="cond" truecount="2" falsecount="0"/>
        <line num="8" count="75" type="stmt"/>
      </file>
    </package>
    <package name="components.navigation.Header">
      <metrics statements="2" coveredstatements="2" conditionals="9" coveredconditionals="9" methods="1" coveredmethods="1"/>
      <file name="Header.jsx" path="C:\Users\kayla\Documentos\Dev\Projeto Integrado III\aloya\frontend\components\navigation\Header\Header.jsx">
        <metrics statements="2" coveredstatements="2" conditionals="9" coveredconditionals="9" methods="1" coveredmethods="1"/>
        <line num="10" count="8" type="stmt"/>
        <line num="12" count="8" type="stmt"/>
      </file>
    </package>
    <package name="features.auth.services">
      <metrics statements="5" coveredstatements="0" conditionals="2" coveredconditionals="0" methods="2" coveredmethods="0"/>
      <file name="authService.js" path="C:\Users\kayla\Documentos\Dev\Projeto Integrado III\aloya\frontend\features\auth\services\authService.js">
        <metrics statements="5" coveredstatements="0" conditionals="2" coveredconditionals="0" methods="2" coveredmethods="0"/>
        <line num="12" count="0" type="stmt"/>
        <line num="17" count="0" type="cond" truecount="0" falsecount="2"/>
        <line num="18" count="0" type="stmt"/>
        <line num="23" count="0" type="stmt"/>
        <line num="26" count="0" type="stmt"/>
      </file>
    </package>
    <package name="features.profile.models">
      <metrics statements="5" coveredstatements="0" conditionals="14" coveredconditionals="0" methods="1" coveredmethods="0"/>
      <file name="userProfile.js" path="C:\Users\kayla\Documentos\Dev\Projeto Integrado III\aloya\frontend\features\profile\models\userProfile.js">
        <metrics statements="5" coveredstatements="0" conditionals="14" coveredconditionals="0" methods="1" coveredmethods="0"/>
        <line num="5" count="0" type="stmt"/>
        <line num="8" count="0" type="cond" truecount="0" falsecount="12"/>
        <line num="20" count="0" type="cond" truecount="0" falsecount="2"/>
        <line num="21" count="0" type="stmt"/>
        <line num="26" count="0" type="stmt"/>
      </file>
    </package>
    <package name="hooks">
      <metrics statements="7" coveredstatements="6" conditionals="1" coveredconditionals="0" methods="4" coveredmethods="3"/>
      <file name="useModal.js" path="C:\Users\kayla\Documentos\Dev\Projeto Integrado III\aloya\frontend\hooks\useModal.js">
        <metrics statements="6" coveredstatements="6" conditionals="1" coveredconditionals="0" methods="3" coveredmethods="3"/>
        <line num="5" count="10" type="stmt"/>
        <line num="7" count="10" type="stmt"/>
        <line num="8" count="3" type="stmt"/>
        <line num="11" count="10" type="stmt"/>
        <line num="12" count="3" type="stmt"/>
        <line num="15" count="10" type="stmt"/>
      </file>
      <file name="useTheme.js" path="C:\Users\kayla\Documentos\Dev\Projeto Integrado III\aloya\frontend\hooks\useTheme.js">
        <metrics statements="1" coveredstatements="0" conditionals="0" coveredconditionals="0" methods="1" coveredmethods="0"/>
        <line num="5" count="0" type="stmt"/>
      </file>
    </package>
    <package name="layouts.BottomSheet">
      <metrics statements="3" coveredstatements="3" conditionals="3" coveredconditionals="2" methods="2" coveredmethods="2"/>
      <file name="BottomSheetLayout.jsx" path="C:\Users\kayla\Documentos\Dev\Projeto Integrado III\aloya\frontend\layouts\BottomSheet\BottomSheetLayout.jsx">
        <metrics statements="3" coveredstatements="3" conditionals="3" coveredconditionals="2" methods="2" coveredmethods="2"/>
        <line num="8" count="3" type="cond" truecount="1" falsecount="1"/>
        <line num="9" count="3" type="stmt"/>
        <line num="13" count="9" type="stmt"/>
      </file>
    </package>
    <package name="layouts.MainLayout">
      <metrics statements="1" coveredstatements="1" conditionals="1" coveredconditionals="1" methods="1" coveredmethods="1"/>
      <file name="MainLayout.jsx" path="C:\Users\kayla\Documentos\Dev\Projeto Integrado III\aloya\frontend\layouts\MainLayout\MainLayout.jsx">
        <metrics statements="1" coveredstatements="1" conditionals="1" coveredconditionals="1" methods="1" coveredmethods="1"/>
        <line num="9" count="4" type="stmt"/>
      </file>
    </package>
    <package name="services.api">
      <metrics statements="2" coveredstatements="0" conditionals="0" coveredconditionals="0" methods="0" coveredmethods="0"/>
      <file name="endpoints.js" path="C:\Users\kayla\Documentos\Dev\Projeto Integrado III\aloya\frontend\services\api\endpoints.js">
        <metrics statements="2" coveredstatements="0" conditionals="0" coveredconditionals="0" methods="0" coveredmethods="0"/>
        <line num="3" count="0" type="stmt"/>
        <line num="5" count="0" type="stmt"/>
      </file>
    </package>
    <package name="utils">
      <metrics statements="16" coveredstatements="15" conditionals="8" coveredconditionals="7" methods="1" coveredmethods="1"/>
      <file name="getMonthDays.js" path="C:\Users\kayla\Documentos\Dev\Projeto Integrado III\aloya\frontend\utils\getMonthDays.js">
        <metrics statements="16" coveredstatements="15" conditionals="8" coveredconditionals="7" methods="1" coveredmethods="1"/>
        <line num="3" count="11" type="cond" truecount="1" falsecount="1"/>
        <line num="11" count="0" type="stmt"/>
        <line num="15" count="11" type="stmt"/>
        <line num="18" count="11" type="stmt"/>
        <line num="20" count="11" type="stmt"/>
        <line num="22" count="11" type="stmt"/>
        <line num="23" count="11" type="stmt"/>
        <line num="27" count="29" type="stmt"/>
        <line num="30" count="11" type="stmt"/>
        <line num="31" count="11" type="stmt"/>
        <line num="35" count="334" type="stmt"/>
        <line num="37" count="334" type="stmt"/>
        <line num="39" count="334" type="stmt"/>
        <line num="45" count="11" type="stmt"/>
        <line num="46" count="29" type="stmt"/>
        <line num="49" count="11" type="stmt"/>
      </file>
    </package>
  </project>
</coverage>
