{"C:\\Users\\kayla\\Documentos\\Dev\\Projeto Integrado III\\aloya\\frontend\\components\\common\\Button\\ButtonSelection\\ButtonSelection.jsx": {"path":"C:\\Users\\kayla\\Documentos\\Dev\\Projeto Integrado III\\aloya\\frontend\\components\\common\\Button\\ButtonSelection\\ButtonSelection.jsx","statementMap":{"0":{"start":{"line":6,"column":4},"end":{"line":42,"column":5}}},"fnMap":{"0":{"name":"ButtonSelection","decl":{"start":{"line":5,"column":9},"end":{"line":5,"column":24}},"loc":{"start":{"line":5,"column":110},"end":{"line":43,"column":1}},"line":5}},"branchMap":{"0":{"loc":{"start":{"line":5,"column":34},"end":{"line":5,"column":50}},"type":"default-arg","locations":[{"start":{"line":5,"column":45},"end":{"line":5,"column":50}}],"line":5},"1":{"loc":{"start":{"line":5,"column":86},"end":{"line":5,"column":106}},"type":"default-arg","locations":[{"start":{"line":5,"column":101},"end":{"line":5,"column":106}}],"line":5},"2":{"loc":{"start":{"line":14,"column":16},"end":{"line":14,"column":47}},"type":"binary-expr","locations":[{"start":{"line":14,"column":16},"end":{"line":14,"column":24}},{"start":{"line":14,"column":28},"end":{"line":14,"column":47}}],"line":14},"3":{"loc":{"start":{"line":15,"column":16},"end":{"line":15,"column":52}},"type":"binary-expr","locations":[{"start":{"line":15,"column":16},"end":{"line":15,"column":28}},{"start":{"line":15,"column":32},"end":{"line":15,"column":52}}],"line":15},"4":{"loc":{"start":{"line":18,"column":13},"end":{"line":23,"column":20}},"type":"cond-expr","locations":[{"start":{"line":19,"column":16},"end":{"line":22,"column":18}},{"start":{"line":23,"column":16},"end":{"line":23,"column":20}}],"line":18},"5":{"loc":{"start":{"line":21,"column":27},"end":{"line":21,"column":74}},"type":"cond-expr","locations":[{"start":{"line":21,"column":38},"end":{"line":21,"column":57}},{"start":{"line":21,"column":60},"end":{"line":21,"column":74}}],"line":21},"6":{"loc":{"start":{"line":29,"column":24},"end":{"line":29,"column":60}},"type":"binary-expr","locations":[{"start":{"line":29,"column":24},"end":{"line":29,"column":32}},{"start":{"line":29,"column":36},"end":{"line":29,"column":60}}],"line":29},"7":{"loc":{"start":{"line":35,"column":17},"end":{"line":39,"column":24}},"type":"cond-expr","locations":[{"start":{"line":36,"column":20},"end":{"line":38,"column":27}},{"start":{"line":39,"column":20},"end":{"line":39,"column":24}}],"line":35}},"s":{"0":28},"f":{"0":28},"b":{"0":[7],"1":[27],"2":[28,9],"3":[28,1],"4":[3,25],"5":[2,1],"6":[28,9],"7":[13,15]},"_coverageSchema":"1a1c01bbd47fc00a2c39e90264f33305004495a9","hash":"218f924f09780e163e7d830dbcaf8bf0a8e88d82"}
,"C:\\Users\\kayla\\Documentos\\Dev\\Projeto Integrado III\\aloya\\frontend\\components\\common\\NavigationField\\NavigationField.jsx": {"path":"C:\\Users\\kayla\\Documentos\\Dev\\Projeto Integrado III\\aloya\\frontend\\components\\common\\NavigationField\\NavigationField.jsx","statementMap":{"0":{"start":{"line":8,"column":25},"end":{"line":14,"column":1}},"1":{"start":{"line":17,"column":4},"end":{"line":19,"column":5}},"2":{"start":{"line":23,"column":25},"end":{"line":23,"column":44}},"3":{"start":{"line":25,"column":21},"end":{"line":25,"column":44}},"4":{"start":{"line":26,"column":20},"end":{"line":26,"column":40}},"5":{"start":{"line":27,"column":29},"end":{"line":27,"column":74}},"6":{"start":{"line":29,"column":4},"end":{"line":73,"column":5}}},"fnMap":{"0":{"name":"obterPaleta","decl":{"start":{"line":16,"column":9},"end":{"line":16,"column":20}},"loc":{"start":{"line":16,"column":29},"end":{"line":20,"column":1}},"line":16},"1":{"name":"NavigationField","decl":{"start":{"line":22,"column":9},"end":{"line":22,"column":24}},"loc":{"start":{"line":22,"column":123},"end":{"line":74,"column":1}},"line":22}},"branchMap":{"0":{"loc":{"start":{"line":18,"column":8},"end":{"line":18,"column":61}},"type":"binary-expr","locations":[{"start":{"line":18,"column":8},"end":{"line":18,"column":32}},{"start":{"line":18,"column":36},"end":{"line":18,"column":61}}],"line":18},"1":{"loc":{"start":{"line":22,"column":56},"end":{"line":22,"column":77}},"type":"default-arg","locations":[{"start":{"line":22,"column":67},"end":{"line":22,"column":77}}],"line":22},"2":{"loc":{"start":{"line":22,"column":79},"end":{"line":22,"column":98}},"type":"default-arg","locations":[{"start":{"line":22,"column":88},"end":{"line":22,"column":98}}],"line":22},"3":{"loc":{"start":{"line":22,"column":100},"end":{"line":22,"column":120}},"type":"default-arg","locations":[{"start":{"line":22,"column":115},"end":{"line":22,"column":120}}],"line":22},"4":{"loc":{"start":{"line":27,"column":29},"end":{"line":27,"column":74}},"type":"binary-expr","locations":[{"start":{"line":27,"column":29},"end":{"line":27,"column":41}},{"start":{"line":27,"column":45},"end":{"line":27,"column":74}}],"line":27},"5":{"loc":{"start":{"line":39,"column":16},"end":{"line":39,"column":44}},"type":"binary-expr","locations":[{"start":{"line":39,"column":16},"end":{"line":39,"column":24}},{"start":{"line":39,"column":28},"end":{"line":39,"column":44}}],"line":39},"6":{"loc":{"start":{"line":40,"column":16},"end":{"line":40,"column":40}},"type":"binary-expr","locations":[{"start":{"line":40,"column":16},"end":{"line":40,"column":23}},{"start":{"line":40,"column":27},"end":{"line":40,"column":40}}],"line":40},"7":{"loc":{"start":{"line":41,"column":16},"end":{"line":41,"column":56}},"type":"binary-expr","locations":[{"start":{"line":41,"column":16},"end":{"line":41,"column":32}},{"start":{"line":41,"column":36},"end":{"line":41,"column":56}}],"line":41},"8":{"loc":{"start":{"line":44,"column":13},"end":{"line":58,"column":20}},"type":"cond-expr","locations":[{"start":{"line":45,"column":16},"end":{"line":57,"column":23}},{"start":{"line":58,"column":16},"end":{"line":58,"column":20}}],"line":44},"9":{"loc":{"start":{"line":48,"column":24},"end":{"line":48,"column":58}},"type":"binary-expr","locations":[{"start":{"line":48,"column":24},"end":{"line":48,"column":31}},{"start":{"line":48,"column":35},"end":{"line":48,"column":58}}],"line":48},"10":{"loc":{"start":{"line":53,"column":30},"end":{"line":53,"column":59}},"type":"cond-expr","locations":[{"start":{"line":53,"column":52},"end":{"line":53,"column":54}},{"start":{"line":53,"column":57},"end":{"line":53,"column":59}}],"line":53},"11":{"loc":{"start":{"line":53,"column":30},"end":{"line":53,"column":49}},"type":"binary-expr","locations":[{"start":{"line":53,"column":30},"end":{"line":53,"column":38}},{"start":{"line":53,"column":42},"end":{"line":53,"column":49}}],"line":53},"12":{"loc":{"start":{"line":68,"column":22},"end":{"line":68,"column":51}},"type":"cond-expr","locations":[{"start":{"line":68,"column":44},"end":{"line":68,"column":46}},{"start":{"line":68,"column":49},"end":{"line":68,"column":51}}],"line":68},"13":{"loc":{"start":{"line":68,"column":22},"end":{"line":68,"column":41}},"type":"binary-expr","locations":[{"start":{"line":68,"column":22},"end":{"line":68,"column":30}},{"start":{"line":68,"column":34},"end":{"line":68,"column":41}}],"line":68},"14":{"loc":{"start":{"line":69,"column":23},"end":{"line":69,"column":58}},"type":"cond-expr","locations":[{"start":{"line":69,"column":33},"end":{"line":69,"column":45}},{"start":{"line":69,"column":48},"end":{"line":69,"column":58}}],"line":69}},"s":{"0":1,"1":18,"2":18,"3":18,"4":18,"5":18,"6":18},"f":{"0":18,"1":18},"b":{"0":[18,1],"1":[14],"2":[12],"3":[17],"4":[18,17],"5":[18,2],"6":[18,2],"7":[18,2],"8":[9,9],"9":[9,1],"10":[2,7],"11":[9,8],"12":[4,14],"13":[18,16],"14":[2,16]},"_coverageSchema":"1a1c01bbd47fc00a2c39e90264f33305004495a9","hash":"f823d2d9f90c05d98bb0a6d6bb2937a61e1ed9ca"}
,"C:\\Users\\kayla\\Documentos\\Dev\\Projeto Integrado III\\aloya\\frontend\\components\\feedback\\Bottomsheet\\BottomSheet.jsx": {"path":"C:\\Users\\kayla\\Documentos\\Dev\\Projeto Integrado III\\aloya\\frontend\\components\\feedback\\Bottomsheet\\BottomSheet.jsx","statementMap":{"0":{"start":{"line":7,"column":29},"end":{"line":9,"column":13}},"1":{"start":{"line":11,"column":22},"end":{"line":13,"column":13}},"2":{"start":{"line":15,"column":44},"end":{"line":15,"column":61}},"3":{"start":{"line":17,"column":25},"end":{"line":17,"column":40}},"4":{"start":{"line":18,"column":25},"end":{"line":18,"column":40}},"5":{"start":{"line":19,"column":28},"end":{"line":19,"column":41}},"6":{"start":{"line":21,"column":4},"end":{"line":21,"column":34}},"7":{"start":{"line":23,"column":26},"end":{"line":28,"column":13}},"8":{"start":{"line":31,"column":8},"end":{"line":37,"column":18}},"9":{"start":{"line":41,"column":8},"end":{"line":52,"column":10}},"10":{"start":{"line":48,"column":12},"end":{"line":51,"column":13}},"11":{"start":{"line":49,"column":16},"end":{"line":49,"column":44}},"12":{"start":{"line":50,"column":16},"end":{"line":50,"column":38}},"13":{"start":{"line":55,"column":4},"end":{"line":70,"column":17}},"14":{"start":{"line":56,"column":8},"end":{"line":65,"column":9}},"15":{"start":{"line":57,"column":12},"end":{"line":63,"column":13}},"16":{"start":{"line":58,"column":16},"end":{"line":58,"column":43}},"17":{"start":{"line":59,"column":16},"end":{"line":59,"column":37}},"18":{"start":{"line":60,"column":16},"end":{"line":60,"column":37}},"19":{"start":{"line":61,"column":19},"end":{"line":63,"column":13}},"20":{"start":{"line":62,"column":16},"end":{"line":62,"column":31}},"21":{"start":{"line":64,"column":12},"end":{"line":64,"column":18}},"22":{"start":{"line":67,"column":8},"end":{"line":69,"column":9}},"23":{"start":{"line":68,"column":12},"end":{"line":68,"column":25}},"24":{"start":{"line":73,"column":8},"end":{"line":73,"column":38}},"25":{"start":{"line":75,"column":8},"end":{"line":77,"column":9}},"26":{"start":{"line":76,"column":12},"end":{"line":76,"column":27}},"27":{"start":{"line":81,"column":8},"end":{"line":83,"column":9}},"28":{"start":{"line":82,"column":12},"end":{"line":82,"column":24}},"29":{"start":{"line":86,"column":4},"end":{"line":110,"column":5}}},"fnMap":{"0":{"name":"BottomSheet","decl":{"start":{"line":6,"column":9},"end":{"line":6,"column":20}},"loc":{"start":{"line":6,"column":82},"end":{"line":111,"column":1}},"line":6},"1":{"name":"animarEntrada","decl":{"start":{"line":30,"column":13},"end":{"line":30,"column":26}},"loc":{"start":{"line":30,"column":29},"end":{"line":38,"column":5}},"line":30},"2":{"name":"animarSaida","decl":{"start":{"line":40,"column":13},"end":{"line":40,"column":24}},"loc":{"start":{"line":40,"column":27},"end":{"line":53,"column":5}},"line":40},"3":{"name":"(anonymous_3)","decl":{"start":{"line":47,"column":17},"end":{"line":47,"column":18}},"loc":{"start":{"line":47,"column":35},"end":{"line":52,"column":9}},"line":47},"4":{"name":"(anonymous_4)","decl":{"start":{"line":55,"column":14},"end":{"line":55,"column":15}},"loc":{"start":{"line":55,"column":20},"end":{"line":70,"column":5}},"line":55},"5":{"name":"quandoModalAparecer","decl":{"start":{"line":72,"column":13},"end":{"line":72,"column":32}},"loc":{"start":{"line":72,"column":35},"end":{"line":78,"column":5}},"line":72},"6":{"name":"solicitarFechamento","decl":{"start":{"line":80,"column":13},"end":{"line":80,"column":32}},"loc":{"start":{"line":80,"column":35},"end":{"line":84,"column":5}},"line":80}},"branchMap":{"0":{"loc":{"start":{"line":6,"column":52},"end":{"line":6,"column":78}},"type":"default-arg","locations":[{"start":{"line":6,"column":73},"end":{"line":6,"column":78}}],"line":6},"1":{"loc":{"start":{"line":48,"column":12},"end":{"line":51,"column":13}},"type":"if","locations":[{"start":{"line":48,"column":12},"end":{"line":51,"column":13}},{"start":{},"end":{}}],"line":48},"2":{"loc":{"start":{"line":48,"column":16},"end":{"line":48,"column":49}},"type":"binary-expr","locations":[{"start":{"line":48,"column":16},"end":{"line":48,"column":24}},{"start":{"line":48,"column":28},"end":{"line":48,"column":49}}],"line":48},"3":{"loc":{"start":{"line":56,"column":8},"end":{"line":65,"column":9}},"type":"if","locations":[{"start":{"line":56,"column":8},"end":{"line":65,"column":9}},{"start":{},"end":{}}],"line":56},"4":{"loc":{"start":{"line":57,"column":12},"end":{"line":63,"column":13}},"type":"if","locations":[{"start":{"line":57,"column":12},"end":{"line":63,"column":13}},{"start":{"line":61,"column":19},"end":{"line":63,"column":13}}],"line":57},"5":{"loc":{"start":{"line":61,"column":19},"end":{"line":63,"column":13}},"type":"if","locations":[{"start":{"line":61,"column":19},"end":{"line":63,"column":13}},{"start":{},"end":{}}],"line":61},"6":{"loc":{"start":{"line":67,"column":8},"end":{"line":69,"column":9}},"type":"if","locations":[{"start":{"line":67,"column":8},"end":{"line":69,"column":9}},{"start":{},"end":{}}],"line":67},"7":{"loc":{"start":{"line":75,"column":8},"end":{"line":77,"column":9}},"type":"if","locations":[{"start":{"line":75,"column":8},"end":{"line":77,"column":9}},{"start":{},"end":{}}],"line":75},"8":{"loc":{"start":{"line":81,"column":8},"end":{"line":83,"column":9}},"type":"if","locations":[{"start":{"line":81,"column":8},"end":{"line":83,"column":9}},{"start":{},"end":{}}],"line":81},"9":{"loc":{"start":{"line":96,"column":26},"end":{"line":96,"column":71}},"type":"cond-expr","locations":[{"start":{"line":96,"column":50},"end":{"line":96,"column":59}},{"start":{"line":96,"column":62},"end":{"line":96,"column":71}}],"line":96}},"s":{"0":15,"1":15,"2":15,"3":15,"4":15,"5":15,"6":15,"7":15,"8":1,"9":4,"10":2,"11":1,"12":1,"13":15,"14":14,"15":10,"16":0,"17":0,"18":0,"19":10,"20":0,"21":10,"22":4,"23":4,"24":1,"25":1,"26":1,"27":3,"28":2,"29":15},"f":{"0":15,"1":1,"2":4,"3":2,"4":14,"5":1,"6":3},"b":{"0":[14],"1":[1,1],"2":[2,1],"3":[10,4],"4":[0,10],"5":[0,10],"6":[4,0],"7":[1,0],"8":[2,1],"9":[15,0]},"_coverageSchema":"1a1c01bbd47fc00a2c39e90264f33305004495a9","hash":"60b463b7cf26038eb3129973c5be72d2cd454405"}
,"C:\\Users\\kayla\\Documentos\\Dev\\Projeto Integrado III\\aloya\\frontend\\components\\feedback\\DatePickerSheet\\DatePickerSheet.jsx": {"path":"C:\\Users\\kayla\\Documentos\\Dev\\Projeto Integrado III\\aloya\\frontend\\components\\feedback\\DatePickerSheet\\DatePickerSheet.jsx","statementMap":{"0":{"start":{"line":14,"column":22},"end":{"line":14,"column":136}},"1":{"start":{"line":15,"column":21},"end":{"line":15,"column":64}},"2":{"start":{"line":16,"column":14},"end":{"line":16,"column":53}},"3":{"start":{"line":18,"column":27},"end":{"line":18,"column":31}},"4":{"start":{"line":19,"column":27},"end":{"line":19,"column":31}},"5":{"start":{"line":21,"column":25},"end":{"line":24,"column":2}},"6":{"start":{"line":26,"column":23},"end":{"line":26,"column":73}},"7":{"start":{"line":29,"column":4},"end":{"line":31,"column":5}},"8":{"start":{"line":30,"column":8},"end":{"line":30,"column":19}},"9":{"start":{"line":33,"column":19},"end":{"line":33,"column":57}},"10":{"start":{"line":35,"column":4},"end":{"line":37,"column":5}},"11":{"start":{"line":36,"column":8},"end":{"line":36,"column":19}},"12":{"start":{"line":39,"column":16},"end":{"line":39,"column":33}},"13":{"start":{"line":40,"column":16},"end":{"line":40,"column":33}},"14":{"start":{"line":41,"column":16},"end":{"line":41,"column":33}},"15":{"start":{"line":43,"column":4},"end":{"line":47,"column":5}},"16":{"start":{"line":46,"column":8},"end":{"line":46,"column":19}},"17":{"start":{"line":50,"column":8},"end":{"line":54,"column":19}},"18":{"start":{"line":56,"column":4},"end":{"line":60,"column":5}},"19":{"start":{"line":59,"column":8},"end":{"line":59,"column":19}},"20":{"start":{"line":62,"column":4},"end":{"line":67,"column":5}},"21":{"start":{"line":71,"column":28},"end":{"line":71,"column":53}},"22":{"start":{"line":73,"column":4},"end":{"line":78,"column":5}},"23":{"start":{"line":74,"column":8},"end":{"line":77,"column":9}},"24":{"start":{"line":80,"column":17},"end":{"line":80,"column":27}},"25":{"start":{"line":82,"column":4},"end":{"line":85,"column":5}},"26":{"start":{"line":89,"column":4},"end":{"line":91,"column":5}},"27":{"start":{"line":96,"column":8},"end":{"line":100,"column":19}},"28":{"start":{"line":102,"column":4},"end":{"line":104,"column":5}},"29":{"start":{"line":108,"column":18},"end":{"line":108,"column":53}},"30":{"start":{"line":110,"column":4},"end":{"line":113,"column":5}},"31":{"start":{"line":117,"column":4},"end":{"line":117,"column":22}},"32":{"start":{"line":121,"column":4},"end":{"line":121,"column":22}},"33":{"start":{"line":125,"column":4},"end":{"line":127,"column":5}},"34":{"start":{"line":131,"column":4},"end":{"line":131,"column":31}},"35":{"start":{"line":135,"column":4},"end":{"line":139,"column":5}},"36":{"start":{"line":144,"column":8},"end":{"line":144,"column":31}},"37":{"start":{"line":147,"column":4},"end":{"line":174,"column":5}},"38":{"start":{"line":177,"column":32},"end":{"line":177,"column":51}},"39":{"start":{"line":180,"column":4},"end":{"line":211,"column":5}},"40":{"start":{"line":187,"column":20},"end":{"line":194,"column":21}},"41":{"start":{"line":188,"column":24},"end":{"line":193,"column":25}},"42":{"start":{"line":196,"column":20},"end":{"line":207,"column":21}},"43":{"start":{"line":214,"column":34},"end":{"line":214,"column":55}},"44":{"start":{"line":217,"column":42},"end":{"line":217,"column":92}},"45":{"start":{"line":217,"column":57},"end":{"line":217,"column":91}},"46":{"start":{"line":218,"column":42},"end":{"line":218,"column":56}},"47":{"start":{"line":219,"column":36},"end":{"line":219,"column":51}},"48":{"start":{"line":220,"column":40},"end":{"line":220,"column":52}},"49":{"start":{"line":222,"column":34},"end":{"line":222,"column":47}},"50":{"start":{"line":224,"column":23},"end":{"line":224,"column":38}},"51":{"start":{"line":225,"column":23},"end":{"line":225,"column":38}},"52":{"start":{"line":227,"column":31},"end":{"line":227,"column":78}},"53":{"start":{"line":227,"column":45},"end":{"line":227,"column":64}},"54":{"start":{"line":228,"column":31},"end":{"line":228,"column":78}},"55":{"start":{"line":228,"column":45},"end":{"line":228,"column":64}},"56":{"start":{"line":230,"column":4},"end":{"line":245,"column":6}},"57":{"start":{"line":231,"column":8},"end":{"line":233,"column":9}},"58":{"start":{"line":232,"column":12},"end":{"line":232,"column":18}},"59":{"start":{"line":235,"column":8},"end":{"line":239,"column":9}},"60":{"start":{"line":241,"column":8},"end":{"line":241,"column":28}},"61":{"start":{"line":242,"column":8},"end":{"line":242,"column":25}},"62":{"start":{"line":247,"column":27},"end":{"line":263,"column":48}},"63":{"start":{"line":248,"column":8},"end":{"line":252,"column":9}},"64":{"start":{"line":251,"column":12},"end":{"line":251,"column":24}},"65":{"start":{"line":254,"column":28},"end":{"line":254,"column":54}},"66":{"start":{"line":255,"column":25},"end":{"line":255,"column":48}},"67":{"start":{"line":257,"column":30},"end":{"line":257,"column":87}},"68":{"start":{"line":258,"column":31},"end":{"line":258,"column":91}},"69":{"start":{"line":260,"column":8},"end":{"line":262,"column":9}},"70":{"start":{"line":265,"column":35},"end":{"line":277,"column":36}},"71":{"start":{"line":266,"column":8},"end":{"line":268,"column":9}},"72":{"start":{"line":267,"column":12},"end":{"line":267,"column":29}},"73":{"start":{"line":270,"column":8},"end":{"line":274,"column":9}},"74":{"start":{"line":270,"column":23},"end":{"line":270,"column":24}},"75":{"start":{"line":271,"column":12},"end":{"line":273,"column":13}},"76":{"start":{"line":272,"column":16},"end":{"line":272,"column":26}},"77":{"start":{"line":276,"column":8},"end":{"line":276,"column":19}},"78":{"start":{"line":279,"column":21},"end":{"line":287,"column":48}},"79":{"start":{"line":280,"column":24},"end":{"line":280,"column":68}},"80":{"start":{"line":282,"column":8},"end":{"line":284,"column":9}},"81":{"start":{"line":283,"column":12},"end":{"line":283,"column":18}},"82":{"start":{"line":286,"column":8},"end":{"line":286,"column":31}},"83":{"start":{"line":289,"column":22},"end":{"line":291,"column":18}},"84":{"start":{"line":290,"column":8},"end":{"line":290,"column":20}},"85":{"start":{"line":293,"column":23},"end":{"line":295,"column":18}},"86":{"start":{"line":294,"column":8},"end":{"line":294,"column":19}},"87":{"start":{"line":297,"column":30},"end":{"line":301,"column":18}},"88":{"start":{"line":298,"column":8},"end":{"line":300,"column":9}},"89":{"start":{"line":299,"column":12},"end":{"line":299,"column":33}},"90":{"start":{"line":303,"column":29},"end":{"line":307,"column":18}},"91":{"start":{"line":304,"column":8},"end":{"line":306,"column":9}},"92":{"start":{"line":305,"column":12},"end":{"line":305,"column":33}},"93":{"start":{"line":309,"column":30},"end":{"line":316,"column":48}},"94":{"start":{"line":310,"column":31},"end":{"line":310,"column":86}},"95":{"start":{"line":311,"column":30},"end":{"line":311,"column":85}},"96":{"start":{"line":313,"column":8},"end":{"line":315,"column":9}},"97":{"start":{"line":318,"column":26},"end":{"line":353,"column":32}},"98":{"start":{"line":319,"column":8},"end":{"line":321,"column":9}},"99":{"start":{"line":320,"column":12},"end":{"line":320,"column":18}},"100":{"start":{"line":323,"column":8},"end":{"line":326,"column":9}},"101":{"start":{"line":324,"column":12},"end":{"line":324,"column":41}},"102":{"start":{"line":325,"column":12},"end":{"line":325,"column":18}},"103":{"start":{"line":328,"column":8},"end":{"line":328,"column":44}},"104":{"start":{"line":330,"column":8},"end":{"line":330,"column":25}},"105":{"start":{"line":331,"column":8},"end":{"line":331,"column":25}},"106":{"start":{"line":333,"column":21},"end":{"line":333,"column":26}},"107":{"start":{"line":335,"column":8},"end":{"line":348,"column":9}},"108":{"start":{"line":336,"column":30},"end":{"line":336,"column":54}},"109":{"start":{"line":337,"column":12},"end":{"line":340,"column":13}},"110":{"start":{"line":338,"column":16},"end":{"line":338,"column":45}},"111":{"start":{"line":339,"column":16},"end":{"line":339,"column":22}},"112":{"start":{"line":342,"column":12},"end":{"line":342,"column":25}},"113":{"start":{"line":344,"column":12},"end":{"line":344,"column":41}},"114":{"start":{"line":346,"column":12},"end":{"line":346,"column":49}},"115":{"start":{"line":347,"column":12},"end":{"line":347,"column":30}},"116":{"start":{"line":350,"column":8},"end":{"line":352,"column":9}},"117":{"start":{"line":351,"column":12},"end":{"line":351,"column":24}},"118":{"start":{"line":355,"column":23},"end":{"line":355,"column":100}},"119":{"start":{"line":355,"column":37},"end":{"line":355,"column":73}},"120":{"start":{"line":356,"column":24},"end":{"line":364,"column":20}},"121":{"start":{"line":356,"column":59},"end":{"line":356,"column":61}},"122":{"start":{"line":357,"column":8},"end":{"line":361,"column":9}},"123":{"start":{"line":357,"column":26},"end":{"line":357,"column":27}},"124":{"start":{"line":358,"column":12},"end":{"line":360,"column":13}},"125":{"start":{"line":363,"column":8},"end":{"line":363,"column":26}},"126":{"start":{"line":366,"column":26},"end":{"line":404,"column":58}},"127":{"start":{"line":367,"column":27},"end":{"line":367,"column":58}},"128":{"start":{"line":370,"column":12},"end":{"line":372,"column":13}},"129":{"start":{"line":371,"column":16},"end":{"line":371,"column":22}},"130":{"start":{"line":374,"column":12},"end":{"line":377,"column":14}},"131":{"start":{"line":379,"column":12},"end":{"line":379,"column":32}},"132":{"start":{"line":382,"column":8},"end":{"line":403,"column":9}},"133":{"start":{"line":406,"column":26},"end":{"line":445,"column":53}},"134":{"start":{"line":407,"column":30},"end":{"line":407,"column":57}},"135":{"start":{"line":408,"column":27},"end":{"line":408,"column":49}},"136":{"start":{"line":411,"column":12},"end":{"line":413,"column":13}},"137":{"start":{"line":412,"column":16},"end":{"line":412,"column":22}},"138":{"start":{"line":415,"column":12},"end":{"line":418,"column":14}},"139":{"start":{"line":420,"column":12},"end":{"line":420,"column":32}},"140":{"start":{"line":423,"column":8},"end":{"line":444,"column":9}},"141":{"start":{"line":447,"column":21},"end":{"line":447,"column":98}},"142":{"start":{"line":447,"column":35},"end":{"line":447,"column":72}},"143":{"start":{"line":450,"column":8},"end":{"line":461,"column":9}},"144":{"start":{"line":452,"column":16},"end":{"line":456,"column":17}},"145":{"start":{"line":464,"column":8},"end":{"line":467,"column":9}},"146":{"start":{"line":470,"column":8},"end":{"line":473,"column":9}},"147":{"start":{"line":476,"column":8},"end":{"line":478,"column":9}},"148":{"start":{"line":481,"column":8},"end":{"line":483,"column":26}},"149":{"start":{"line":485,"column":4},"end":{"line":824,"column":5}},"150":{"start":{"line":717,"column":52},"end":{"line":736,"column":59}},"151":{"start":{"line":754,"column":52},"end":{"line":782,"column":54}}},"fnMap":{"0":{"name":"lerData","decl":{"start":{"line":28,"column":9},"end":{"line":28,"column":16}},"loc":{"start":{"line":28,"column":23},"end":{"line":68,"column":1}},"line":28},"1":{"name":"obterDataInicial","decl":{"start":{"line":70,"column":9},"end":{"line":70,"column":25}},"loc":{"start":{"line":70,"column":44},"end":{"line":86,"column":1}},"line":70},"2":{"name":"obterInicioDoMes","decl":{"start":{"line":88,"column":9},"end":{"line":88,"column":25}},"loc":{"start":{"line":88,"column":36},"end":{"line":92,"column":1}},"line":88},"3":{"name":"obterFimDoMes","decl":{"start":{"line":94,"column":9},"end":{"line":94,"column":22}},"loc":{"start":{"line":94,"column":33},"end":{"line":105,"column":1}},"line":94},"4":{"name":"deslocarMes","decl":{"start":{"line":107,"column":9},"end":{"line":107,"column":20}},"loc":{"start":{"line":107,"column":45},"end":{"line":114,"column":1}},"line":107},"5":{"name":"obterChaveDoAno","decl":{"start":{"line":116,"column":9},"end":{"line":116,"column":24}},"loc":{"start":{"line":116,"column":30},"end":{"line":118,"column":1}},"line":116},"6":{"name":"obterChaveDoMes","decl":{"start":{"line":120,"column":9},"end":{"line":120,"column":24}},"loc":{"start":{"line":120,"column":30},"end":{"line":122,"column":1}},"line":120},"7":{"name":"obterAno","decl":{"start":{"line":124,"column":9},"end":{"line":124,"column":17}},"loc":{"start":{"line":124,"column":37},"end":{"line":128,"column":1}},"line":124},"8":{"name":"obterQuantidadeDeAnos","decl":{"start":{"line":130,"column":9},"end":{"line":130,"column":30}},"loc":{"start":{"line":130,"column":42},"end":{"line":132,"column":1}},"line":130},"9":{"name":"medirAno","decl":{"start":{"line":134,"column":9},"end":{"line":134,"column":17}},"loc":{"start":{"line":134,"column":29},"end":{"line":140,"column":1}},"line":134},"10":{"name":"DiaCalendario","decl":{"start":{"line":142,"column":9},"end":{"line":142,"column":22}},"loc":{"start":{"line":142,"column":98},"end":{"line":175,"column":1}},"line":142},"11":{"name":"selecionarDia","decl":{"start":{"line":143,"column":13},"end":{"line":143,"column":26}},"loc":{"start":{"line":143,"column":29},"end":{"line":145,"column":5}},"line":143},"12":{"name":"LinhaCalendario","decl":{"start":{"line":179,"column":9},"end":{"line":179,"column":24}},"loc":{"start":{"line":179,"column":128},"end":{"line":212,"column":1}},"line":179},"13":{"name":"(anonymous_13)","decl":{"start":{"line":186,"column":16},"end":{"line":186,"column":17}},"loc":{"start":{"line":186,"column":40},"end":{"line":208,"column":17}},"line":186},"14":{"name":"DatePickerSheet","decl":{"start":{"line":216,"column":9},"end":{"line":216,"column":24}},"loc":{"start":{"line":216,"column":151},"end":{"line":825,"column":1}},"line":216},"15":{"name":"(anonymous_15)","decl":{"start":{"line":217,"column":51},"end":{"line":217,"column":52}},"loc":{"start":{"line":217,"column":57},"end":{"line":217,"column":91}},"line":217},"16":{"name":"(anonymous_16)","decl":{"start":{"line":227,"column":39},"end":{"line":227,"column":40}},"loc":{"start":{"line":227,"column":45},"end":{"line":227,"column":64}},"line":227},"17":{"name":"(anonymous_17)","decl":{"start":{"line":228,"column":39},"end":{"line":228,"column":40}},"loc":{"start":{"line":228,"column":45},"end":{"line":228,"column":64}},"line":228},"18":{"name":"(anonymous_18)","decl":{"start":{"line":230,"column":14},"end":{"line":230,"column":15}},"loc":{"start":{"line":230,"column":20},"end":{"line":243,"column":5}},"line":230},"19":{"name":"(anonymous_19)","decl":{"start":{"line":247,"column":39},"end":{"line":247,"column":40}},"loc":{"start":{"line":247,"column":53},"end":{"line":263,"column":5}},"line":247},"20":{"name":"(anonymous_20)","decl":{"start":{"line":265,"column":47},"end":{"line":265,"column":48}},"loc":{"start":{"line":265,"column":56},"end":{"line":277,"column":5}},"line":265},"21":{"name":"(anonymous_21)","decl":{"start":{"line":279,"column":33},"end":{"line":279,"column":34}},"loc":{"start":{"line":279,"column":46},"end":{"line":287,"column":5}},"line":279},"22":{"name":"(anonymous_22)","decl":{"start":{"line":289,"column":34},"end":{"line":289,"column":35}},"loc":{"start":{"line":289,"column":40},"end":{"line":291,"column":5}},"line":289},"23":{"name":"(anonymous_23)","decl":{"start":{"line":293,"column":35},"end":{"line":293,"column":36}},"loc":{"start":{"line":293,"column":41},"end":{"line":295,"column":5}},"line":293},"24":{"name":"(anonymous_24)","decl":{"start":{"line":297,"column":42},"end":{"line":297,"column":43}},"loc":{"start":{"line":297,"column":48},"end":{"line":301,"column":5}},"line":297},"25":{"name":"(anonymous_25)","decl":{"start":{"line":303,"column":41},"end":{"line":303,"column":42}},"loc":{"start":{"line":303,"column":47},"end":{"line":307,"column":5}},"line":303},"26":{"name":"(anonymous_26)","decl":{"start":{"line":309,"column":42},"end":{"line":309,"column":43}},"loc":{"start":{"line":309,"column":52},"end":{"line":316,"column":5}},"line":309},"27":{"name":"(anonymous_27)","decl":{"start":{"line":318,"column":38},"end":{"line":318,"column":39}},"loc":{"start":{"line":318,"column":54},"end":{"line":353,"column":5}},"line":318},"28":{"name":"(anonymous_28)","decl":{"start":{"line":355,"column":31},"end":{"line":355,"column":32}},"loc":{"start":{"line":355,"column":37},"end":{"line":355,"column":73}},"line":355},"29":{"name":"(anonymous_29)","decl":{"start":{"line":356,"column":32},"end":{"line":356,"column":33}},"loc":{"start":{"line":356,"column":38},"end":{"line":364,"column":5}},"line":356},"30":{"name":"(anonymous_30)","decl":{"start":{"line":366,"column":38},"end":{"line":366,"column":39}},"loc":{"start":{"line":366,"column":55},"end":{"line":404,"column":5}},"line":366},"31":{"name":"escolherMes","decl":{"start":{"line":369,"column":17},"end":{"line":369,"column":28}},"loc":{"start":{"line":369,"column":31},"end":{"line":380,"column":9}},"line":369},"32":{"name":"(anonymous_32)","decl":{"start":{"line":406,"column":38},"end":{"line":406,"column":39}},"loc":{"start":{"line":406,"column":55},"end":{"line":445,"column":5}},"line":406},"33":{"name":"escolherAno","decl":{"start":{"line":410,"column":17},"end":{"line":410,"column":28}},"loc":{"start":{"line":410,"column":31},"end":{"line":421,"column":9}},"line":410},"34":{"name":"(anonymous_34)","decl":{"start":{"line":447,"column":29},"end":{"line":447,"column":30}},"loc":{"start":{"line":447,"column":35},"end":{"line":447,"column":72}},"line":447},"35":{"name":"(anonymous_35)","decl":{"start":{"line":451,"column":12},"end":{"line":451,"column":13}},"loc":{"start":{"line":452,"column":16},"end":{"line":456,"column":17}},"line":452},"36":{"name":"(anonymous_36)","decl":{"start":{"line":714,"column":48},"end":{"line":714,"column":49}},"loc":{"start":{"line":717,"column":52},"end":{"line":736,"column":59}},"line":717},"37":{"name":"(anonymous_37)","decl":{"start":{"line":750,"column":48},"end":{"line":750,"column":49}},"loc":{"start":{"line":754,"column":52},"end":{"line":782,"column":54}},"line":754}},"branchMap":{"0":{"loc":{"start":{"line":29,"column":4},"end":{"line":31,"column":5}},"type":"if","locations":[{"start":{"line":29,"column":4},"end":{"line":31,"column":5}},{"start":{},"end":{}}],"line":29},"1":{"loc":{"start":{"line":35,"column":4},"end":{"line":37,"column":5}},"type":"if","locations":[{"start":{"line":35,"column":4},"end":{"line":37,"column":5}},{"start":{},"end":{}}],"line":35},"2":{"loc":{"start":{"line":43,"column":4},"end":{"line":47,"column":5}},"type":"if","locations":[{"start":{"line":43,"column":4},"end":{"line":47,"column":5}},{"start":{},"end":{}}],"line":43},"3":{"loc":{"start":{"line":44,"column":8},"end":{"line":44,"column":83}},"type":"binary-expr","locations":[{"start":{"line":44,"column":8},"end":{"line":44,"column":32}},{"start":{"line":44,"column":36},"end":{"line":44,"column":60}},{"start":{"line":44,"column":64},"end":{"line":44,"column":71}},{"start":{"line":44,"column":75},"end":{"line":44,"column":83}}],"line":44},"4":{"loc":{"start":{"line":56,"column":4},"end":{"line":60,"column":5}},"type":"if","locations":[{"start":{"line":56,"column":4},"end":{"line":60,"column":5}},{"start":{},"end":{}}],"line":56},"5":{"loc":{"start":{"line":57,"column":8},"end":{"line":57,"column":34}},"type":"binary-expr","locations":[{"start":{"line":57,"column":8},"end":{"line":57,"column":15}},{"start":{"line":57,"column":19},"end":{"line":57,"column":34}}],"line":57},"6":{"loc":{"start":{"line":73,"column":4},"end":{"line":78,"column":5}},"type":"if","locations":[{"start":{"line":73,"column":4},"end":{"line":78,"column":5}},{"start":{},"end":{}}],"line":73},"7":{"loc":{"start":{"line":151,"column":26},"end":{"line":151,"column":49}},"type":"binary-expr","locations":[{"start":{"line":151,"column":26},"end":{"line":151,"column":37}},{"start":{"line":151,"column":41},"end":{"line":151,"column":49}}],"line":151},"8":{"loc":{"start":{"line":156,"column":30},"end":{"line":156,"column":53}},"type":"binary-expr","locations":[{"start":{"line":156,"column":30},"end":{"line":156,"column":41}},{"start":{"line":156,"column":45},"end":{"line":156,"column":53}}],"line":156},"9":{"loc":{"start":{"line":160,"column":20},"end":{"line":160,"column":62}},"type":"binary-expr","locations":[{"start":{"line":160,"column":20},"end":{"line":160,"column":31}},{"start":{"line":160,"column":35},"end":{"line":160,"column":62}}],"line":160},"10":{"loc":{"start":{"line":166,"column":24},"end":{"line":166,"column":67}},"type":"binary-expr","locations":[{"start":{"line":166,"column":24},"end":{"line":166,"column":35}},{"start":{"line":166,"column":39},"end":{"line":166,"column":67}}],"line":166},"11":{"loc":{"start":{"line":167,"column":24},"end":{"line":167,"column":66}},"type":"binary-expr","locations":[{"start":{"line":167,"column":24},"end":{"line":167,"column":35}},{"start":{"line":167,"column":39},"end":{"line":167,"column":66}}],"line":167},"12":{"loc":{"start":{"line":187,"column":20},"end":{"line":194,"column":21}},"type":"if","locations":[{"start":{"line":187,"column":20},"end":{"line":194,"column":21}},{"start":{},"end":{}}],"line":187},"13":{"loc":{"start":{"line":216,"column":35},"end":{"line":216,"column":61}},"type":"default-arg","locations":[{"start":{"line":216,"column":44},"end":{"line":216,"column":61}}],"line":216},"14":{"loc":{"start":{"line":216,"column":63},"end":{"line":216,"column":86}},"type":"default-arg","locations":[{"start":{"line":216,"column":82},"end":{"line":216,"column":86}}],"line":216},"15":{"loc":{"start":{"line":216,"column":112},"end":{"line":216,"column":129}},"type":"default-arg","locations":[{"start":{"line":216,"column":125},"end":{"line":216,"column":129}}],"line":216},"16":{"loc":{"start":{"line":216,"column":131},"end":{"line":216,"column":148}},"type":"default-arg","locations":[{"start":{"line":216,"column":144},"end":{"line":216,"column":148}}],"line":216},"17":{"loc":{"start":{"line":231,"column":8},"end":{"line":233,"column":9}},"type":"if","locations":[{"start":{"line":231,"column":8},"end":{"line":233,"column":9}},{"start":{},"end":{}}],"line":231},"18":{"loc":{"start":{"line":248,"column":8},"end":{"line":252,"column":9}},"type":"if","locations":[{"start":{"line":248,"column":8},"end":{"line":252,"column":9}},{"start":{},"end":{}}],"line":248},"19":{"loc":{"start":{"line":249,"column":12},"end":{"line":249,"column":64}},"type":"binary-expr","locations":[{"start":{"line":249,"column":12},"end":{"line":249,"column":36}},{"start":{"line":249,"column":40},"end":{"line":249,"column":64}}],"line":249},"20":{"loc":{"start":{"line":257,"column":30},"end":{"line":257,"column":87}},"type":"binary-expr","locations":[{"start":{"line":257,"column":30},"end":{"line":257,"column":48}},{"start":{"line":257,"column":52},"end":{"line":257,"column":87}}],"line":257},"21":{"loc":{"start":{"line":258,"column":31},"end":{"line":258,"column":91}},"type":"binary-expr","locations":[{"start":{"line":258,"column":31},"end":{"line":258,"column":49}},{"start":{"line":258,"column":53},"end":{"line":258,"column":91}}],"line":258},"22":{"loc":{"start":{"line":261,"column":12},"end":{"line":261,"column":45}},"type":"binary-expr","locations":[{"start":{"line":261,"column":12},"end":{"line":261,"column":26}},{"start":{"line":261,"column":30},"end":{"line":261,"column":45}}],"line":261},"23":{"loc":{"start":{"line":266,"column":8},"end":{"line":268,"column":9}},"type":"if","locations":[{"start":{"line":266,"column":8},"end":{"line":268,"column":9}},{"start":{},"end":{}}],"line":266},"24":{"loc":{"start":{"line":271,"column":12},"end":{"line":273,"column":13}},"type":"if","locations":[{"start":{"line":271,"column":12},"end":{"line":273,"column":13}},{"start":{},"end":{}}],"line":271},"25":{"loc":{"start":{"line":282,"column":8},"end":{"line":284,"column":9}},"type":"if","locations":[{"start":{"line":282,"column":8},"end":{"line":284,"column":9}},{"start":{},"end":{}}],"line":282},"26":{"loc":{"start":{"line":298,"column":8},"end":{"line":300,"column":9}},"type":"if","locations":[{"start":{"line":298,"column":8},"end":{"line":300,"column":9}},{"start":{},"end":{}}],"line":298},"27":{"loc":{"start":{"line":304,"column":8},"end":{"line":306,"column":9}},"type":"if","locations":[{"start":{"line":304,"column":8},"end":{"line":306,"column":9}},{"start":{},"end":{}}],"line":304},"28":{"loc":{"start":{"line":310,"column":31},"end":{"line":310,"column":86}},"type":"binary-expr","locations":[{"start":{"line":310,"column":31},"end":{"line":310,"column":50}},{"start":{"line":310,"column":54},"end":{"line":310,"column":86}}],"line":310},"29":{"loc":{"start":{"line":311,"column":30},"end":{"line":311,"column":85}},"type":"binary-expr","locations":[{"start":{"line":311,"column":30},"end":{"line":311,"column":49}},{"start":{"line":311,"column":53},"end":{"line":311,"column":85}}],"line":311},"30":{"loc":{"start":{"line":314,"column":12},"end":{"line":314,"column":43}},"type":"binary-expr","locations":[{"start":{"line":314,"column":12},"end":{"line":314,"column":26}},{"start":{"line":314,"column":30},"end":{"line":314,"column":43}}],"line":314},"31":{"loc":{"start":{"line":319,"column":8},"end":{"line":321,"column":9}},"type":"if","locations":[{"start":{"line":319,"column":8},"end":{"line":321,"column":9}},{"start":{},"end":{}}],"line":319},"32":{"loc":{"start":{"line":323,"column":8},"end":{"line":326,"column":9}},"type":"if","locations":[{"start":{"line":323,"column":8},"end":{"line":326,"column":9}},{"start":{},"end":{}}],"line":323},"33":{"loc":{"start":{"line":337,"column":12},"end":{"line":340,"column":13}},"type":"if","locations":[{"start":{"line":337,"column":12},"end":{"line":340,"column":13}},{"start":{},"end":{}}],"line":337},"34":{"loc":{"start":{"line":350,"column":8},"end":{"line":352,"column":9}},"type":"if","locations":[{"start":{"line":350,"column":8},"end":{"line":352,"column":9}},{"start":{},"end":{}}],"line":350},"35":{"loc":{"start":{"line":370,"column":12},"end":{"line":372,"column":13}},"type":"if","locations":[{"start":{"line":370,"column":12},"end":{"line":372,"column":13}},{"start":{},"end":{}}],"line":370},"36":{"loc":{"start":{"line":370,"column":16},"end":{"line":370,"column":39}},"type":"binary-expr","locations":[{"start":{"line":370,"column":16},"end":{"line":370,"column":27}},{"start":{"line":370,"column":31},"end":{"line":370,"column":39}}],"line":370},"37":{"loc":{"start":{"line":385,"column":26},"end":{"line":385,"column":49}},"type":"binary-expr","locations":[{"start":{"line":385,"column":26},"end":{"line":385,"column":37}},{"start":{"line":385,"column":41},"end":{"line":385,"column":49}}],"line":385},"38":{"loc":{"start":{"line":390,"column":30},"end":{"line":390,"column":53}},"type":"binary-expr","locations":[{"start":{"line":390,"column":30},"end":{"line":390,"column":41}},{"start":{"line":390,"column":45},"end":{"line":390,"column":53}}],"line":390},"39":{"loc":{"start":{"line":396,"column":24},"end":{"line":396,"column":75}},"type":"binary-expr","locations":[{"start":{"line":396,"column":24},"end":{"line":396,"column":42}},{"start":{"line":396,"column":46},"end":{"line":396,"column":75}}],"line":396},"40":{"loc":{"start":{"line":397,"column":24},"end":{"line":397,"column":69}},"type":"binary-expr","locations":[{"start":{"line":397,"column":24},"end":{"line":397,"column":35}},{"start":{"line":397,"column":39},"end":{"line":397,"column":69}}],"line":397},"41":{"loc":{"start":{"line":411,"column":12},"end":{"line":413,"column":13}},"type":"if","locations":[{"start":{"line":411,"column":12},"end":{"line":413,"column":13}},{"start":{},"end":{}}],"line":411},"42":{"loc":{"start":{"line":411,"column":16},"end":{"line":411,"column":39}},"type":"binary-expr","locations":[{"start":{"line":411,"column":16},"end":{"line":411,"column":27}},{"start":{"line":411,"column":31},"end":{"line":411,"column":39}}],"line":411},"43":{"loc":{"start":{"line":426,"column":26},"end":{"line":426,"column":49}},"type":"binary-expr","locations":[{"start":{"line":426,"column":26},"end":{"line":426,"column":37}},{"start":{"line":426,"column":41},"end":{"line":426,"column":49}}],"line":426},"44":{"loc":{"start":{"line":431,"column":29},"end":{"line":431,"column":52}},"type":"binary-expr","locations":[{"start":{"line":431,"column":29},"end":{"line":431,"column":40}},{"start":{"line":431,"column":44},"end":{"line":431,"column":52}}],"line":431},"45":{"loc":{"start":{"line":437,"column":24},"end":{"line":437,"column":75}},"type":"binary-expr","locations":[{"start":{"line":437,"column":24},"end":{"line":437,"column":42}},{"start":{"line":437,"column":46},"end":{"line":437,"column":75}}],"line":437},"46":{"loc":{"start":{"line":438,"column":24},"end":{"line":438,"column":68}},"type":"binary-expr","locations":[{"start":{"line":438,"column":24},"end":{"line":438,"column":35}},{"start":{"line":438,"column":38},"end":{"line":438,"column":68}}],"line":438},"47":{"loc":{"start":{"line":515,"column":32},"end":{"line":516,"column":43}},"type":"binary-expr","locations":[{"start":{"line":515,"column":32},"end":{"line":515,"column":51}},{"start":{"line":516,"column":35},"end":{"line":516,"column":43}}],"line":515},"48":{"loc":{"start":{"line":522,"column":36},"end":{"line":523,"column":47}},"type":"binary-expr","locations":[{"start":{"line":522,"column":36},"end":{"line":522,"column":55}},{"start":{"line":523,"column":39},"end":{"line":523,"column":47}}],"line":522},"49":{"loc":{"start":{"line":608,"column":32},"end":{"line":609,"column":43}},"type":"binary-expr","locations":[{"start":{"line":608,"column":32},"end":{"line":608,"column":50}},{"start":{"line":609,"column":35},"end":{"line":609,"column":43}}],"line":608},"50":{"loc":{"start":{"line":615,"column":36},"end":{"line":616,"column":47}},"type":"binary-expr","locations":[{"start":{"line":615,"column":36},"end":{"line":615,"column":54}},{"start":{"line":616,"column":39},"end":{"line":616,"column":47}}],"line":615},"51":{"loc":{"start":{"line":632,"column":24},"end":{"line":788,"column":29}},"type":"cond-expr","locations":[{"start":{"line":635,"column":28},"end":{"line":653,"column":30}},{"start":{"line":655,"column":26},"end":{"line":788,"column":29}}],"line":632},"52":{"loc":{"start":{"line":655,"column":26},"end":{"line":788,"column":29}},"type":"cond-expr","locations":[{"start":{"line":658,"column":32},"end":{"line":702,"column":34}},{"start":{"line":705,"column":32},"end":{"line":787,"column":35}}],"line":655},"53":{"loc":{"start":{"line":792,"column":24},"end":{"line":803,"column":30}},"type":"cond-expr","locations":[{"start":{"line":794,"column":28},"end":{"line":801,"column":35}},{"start":{"line":803,"column":26},"end":{"line":803,"column":30}}],"line":792},"54":{"loc":{"start":{"line":807,"column":24},"end":{"line":819,"column":30}},"type":"cond-expr","locations":[{"start":{"line":809,"column":28},"end":{"line":817,"column":35}},{"start":{"line":819,"column":26},"end":{"line":819,"column":30}}],"line":807}},"s":{"0":1,"1":1,"2":1,"3":1,"4":1,"5":1,"6":1,"7":32,"8":14,"9":18,"10":18,"11":0,"12":18,"13":18,"14":18,"15":18,"16":0,"17":18,"18":18,"19":0,"20":18,"21":16,"22":16,"23":16,"24":0,"25":0,"26":62,"27":62,"28":62,"29":24,"30":24,"31":0,"32":13,"33":0,"34":0,"35":0,"36":4,"37":334,"38":1,"39":56,"40":392,"41":58,"42":334,"43":1,"44":24,"45":8,"46":24,"47":24,"48":24,"49":24,"50":24,"51":24,"52":24,"53":8,"54":24,"55":8,"56":24,"57":8,"58":0,"59":8,"60":8,"61":8,"62":24,"63":62,"64":0,"65":62,"66":62,"67":62,"68":62,"69":62,"70":24,"71":0,"72":0,"73":0,"74":0,"75":0,"76":0,"77":0,"78":24,"79":2,"80":2,"81":0,"82":2,"83":24,"84":1,"85":24,"86":1,"87":24,"88":1,"89":1,"90":24,"91":0,"92":0,"93":24,"94":334,"95":334,"96":334,"97":24,"98":4,"99":0,"100":4,"101":1,"102":1,"103":3,"104":3,"105":3,"106":3,"107":3,"108":3,"109":2,"110":1,"111":1,"112":1,"113":1,"114":3,"115":3,"116":2,"117":1,"118":24,"119":11,"120":24,"121":11,"122":11,"123":11,"124":56,"125":11,"126":24,"127":12,"128":1,"129":0,"130":1,"131":1,"132":12,"133":24,"134":0,"135":0,"136":0,"137":0,"138":0,"139":0,"140":0,"141":24,"142":11,"143":24,"144":11,"145":24,"146":24,"147":24,"148":24,"149":24,"150":161,"151":117},"f":{"0":32,"1":16,"2":62,"3":62,"4":24,"5":0,"6":13,"7":0,"8":0,"9":0,"10":334,"11":4,"12":56,"13":392,"14":24,"15":8,"16":8,"17":8,"18":8,"19":62,"20":0,"21":2,"22":1,"23":1,"24":1,"25":0,"26":334,"27":4,"28":11,"29":11,"30":12,"31":1,"32":0,"33":0,"34":11,"35":11,"36":161,"37":117},"b":{"0":[14,18],"1":[0,18],"2":[0,18],"3":[18,18,18,18],"4":[0,18],"5":[18,18],"6":[16,0],"7":[334,314],"8":[334,314],"9":[334,9],"10":[334,20],"11":[334,9],"12":[58,334],"13":[22],"14":[0],"15":[22],"16":[22],"17":[0,8],"18":[0,62],"19":[62,62],"20":[62,4],"21":[62,4],"22":[62,60],"23":[0,0],"24":[0,0],"25":[0,2],"26":[1,0],"27":[0,0],"28":[334,31],"29":[334,31],"30":[334,325],"31":[0,4],"32":[1,3],"33":[1,1],"34":[1,1],"35":[0,1],"36":[1,1],"37":[12,12],"38":[12,12],"39":[12,1],"40":[12,0],"41":[0,0],"42":[0,0],"43":[0,0],"44":[0,0],"45":[0,0],"46":[0,0],"47":[24,22],"48":[24,22],"49":[24,22],"50":[24,22],"51":[1,23],"52":[0,23],"53":[0,24],"54":[3,21]},"_coverageSchema":"1a1c01bbd47fc00a2c39e90264f33305004495a9","hash":"5b26f824d02bddb8d080e47f73580aaff1d543cb"}
,"C:\\Users\\kayla\\Documentos\\Dev\\Projeto Integrado III\\aloya\\frontend\\components\\feedback\\EditFieldSheet\\EditFieldSheet.jsx": {"path":"C:\\Users\\kayla\\Documentos\\Dev\\Projeto Integrado III\\aloya\\frontend\\components\\feedback\\EditFieldSheet\\EditFieldSheet.jsx","statementMap":{"0":{"start":{"line":9,"column":18},"end":{"line":9,"column":37}},"1":{"start":{"line":12,"column":8},"end":{"line":12,"column":47}},"2":{"start":{"line":14,"column":4},"end":{"line":20,"column":5}},"3":{"start":{"line":15,"column":8},"end":{"line":19,"column":9}},"4":{"start":{"line":22,"column":4},"end":{"line":22,"column":16}},"5":{"start":{"line":26,"column":18},"end":{"line":26,"column":54}},"6":{"start":{"line":29,"column":8},"end":{"line":30,"column":47}},"7":{"start":{"line":32,"column":4},"end":{"line":34,"column":5}},"8":{"start":{"line":33,"column":8},"end":{"line":33,"column":38}},"9":{"start":{"line":36,"column":4},"end":{"line":38,"column":5}},"10":{"start":{"line":37,"column":8},"end":{"line":37,"column":22}},"11":{"start":{"line":40,"column":4},"end":{"line":45,"column":5}},"12":{"start":{"line":41,"column":8},"end":{"line":44,"column":9}},"13":{"start":{"line":47,"column":4},"end":{"line":51,"column":5}},"14":{"start":{"line":55,"column":21},"end":{"line":55,"column":33}},"15":{"start":{"line":56,"column":20},"end":{"line":56,"column":36}},"16":{"start":{"line":57,"column":19},"end":{"line":57,"column":34}},"17":{"start":{"line":59,"column":25},"end":{"line":61,"column":29}},"18":{"start":{"line":64,"column":8},"end":{"line":66,"column":9}},"19":{"start":{"line":65,"column":12},"end":{"line":65,"column":37}},"20":{"start":{"line":70,"column":8},"end":{"line":78,"column":9}},"21":{"start":{"line":71,"column":12},"end":{"line":76,"column":13}},"22":{"start":{"line":77,"column":12},"end":{"line":77,"column":18}},"23":{"start":{"line":80,"column":33},"end":{"line":80,"column":76}},"24":{"start":{"line":82,"column":8},"end":{"line":82,"column":35}},"25":{"start":{"line":85,"column":4},"end":{"line":142,"column":5}}},"fnMap":{"0":{"name":"obterDataVisivel","decl":{"start":{"line":8,"column":9},"end":{"line":8,"column":25}},"loc":{"start":{"line":8,"column":33},"end":{"line":23,"column":1}},"line":8},"1":{"name":"formatarDataDigitada","decl":{"start":{"line":25,"column":9},"end":{"line":25,"column":29}},"loc":{"start":{"line":25,"column":52},"end":{"line":52,"column":1}},"line":25},"2":{"name":"EditFieldSheet","decl":{"start":{"line":54,"column":9},"end":{"line":54,"column":23}},"loc":{"start":{"line":54,"column":130},"end":{"line":143,"column":1}},"line":54},"3":{"name":"focarCampo","decl":{"start":{"line":63,"column":13},"end":{"line":63,"column":23}},"loc":{"start":{"line":63,"column":26},"end":{"line":67,"column":5}},"line":63},"4":{"name":"tratarMudanca","decl":{"start":{"line":69,"column":13},"end":{"line":69,"column":26}},"loc":{"start":{"line":69,"column":34},"end":{"line":83,"column":5}},"line":69}},"branchMap":{"0":{"loc":{"start":{"line":9,"column":25},"end":{"line":9,"column":36}},"type":"binary-expr","locations":[{"start":{"line":9,"column":25},"end":{"line":9,"column":30}},{"start":{"line":9,"column":34},"end":{"line":9,"column":36}}],"line":9},"1":{"loc":{"start":{"line":14,"column":4},"end":{"line":20,"column":5}},"type":"if","locations":[{"start":{"line":14,"column":4},"end":{"line":20,"column":5}},{"start":{},"end":{}}],"line":14},"2":{"loc":{"start":{"line":29,"column":8},"end":{"line":30,"column":47}},"type":"binary-expr","locations":[{"start":{"line":29,"column":8},"end":{"line":29,"column":35}},{"start":{"line":30,"column":11},"end":{"line":30,"column":47}}],"line":29},"3":{"loc":{"start":{"line":32,"column":4},"end":{"line":34,"column":5}},"type":"if","locations":[{"start":{"line":32,"column":4},"end":{"line":34,"column":5}},{"start":{},"end":{}}],"line":32},"4":{"loc":{"start":{"line":36,"column":4},"end":{"line":38,"column":5}},"type":"if","locations":[{"start":{"line":36,"column":4},"end":{"line":38,"column":5}},{"start":{},"end":{}}],"line":36},"5":{"loc":{"start":{"line":40,"column":4},"end":{"line":45,"column":5}},"type":"if","locations":[{"start":{"line":40,"column":4},"end":{"line":45,"column":5}},{"start":{},"end":{}}],"line":40},"6":{"loc":{"start":{"line":54,"column":43},"end":{"line":54,"column":56}},"type":"default-arg","locations":[{"start":{"line":54,"column":50},"end":{"line":54,"column":56}}],"line":54},"7":{"loc":{"start":{"line":54,"column":58},"end":{"line":54,"column":68}},"type":"default-arg","locations":[{"start":{"line":54,"column":66},"end":{"line":54,"column":68}}],"line":54},"8":{"loc":{"start":{"line":54,"column":97},"end":{"line":54,"column":113}},"type":"default-arg","locations":[{"start":{"line":54,"column":108},"end":{"line":54,"column":113}}],"line":54},"9":{"loc":{"start":{"line":59,"column":25},"end":{"line":61,"column":29}},"type":"cond-expr","locations":[{"start":{"line":60,"column":10},"end":{"line":60,"column":33}},{"start":{"line":61,"column":10},"end":{"line":61,"column":29}}],"line":59},"10":{"loc":{"start":{"line":61,"column":17},"end":{"line":61,"column":28}},"type":"binary-expr","locations":[{"start":{"line":61,"column":17},"end":{"line":61,"column":22}},{"start":{"line":61,"column":26},"end":{"line":61,"column":28}}],"line":61},"11":{"loc":{"start":{"line":64,"column":8},"end":{"line":66,"column":9}},"type":"if","locations":[{"start":{"line":64,"column":8},"end":{"line":66,"column":9}},{"start":{},"end":{}}],"line":64},"12":{"loc":{"start":{"line":70,"column":8},"end":{"line":78,"column":9}},"type":"if","locations":[{"start":{"line":70,"column":8},"end":{"line":78,"column":9}},{"start":{},"end":{}}],"line":70},"13":{"loc":{"start":{"line":107,"column":35},"end":{"line":107,"column":68}},"type":"cond-expr","locations":[{"start":{"line":107,"column":44},"end":{"line":107,"column":46}},{"start":{"line":107,"column":49},"end":{"line":107,"column":68}}],"line":107},"14":{"loc":{"start":{"line":107,"column":49},"end":{"line":107,"column":68}},"type":"cond-expr","locations":[{"start":{"line":107,"column":59},"end":{"line":107,"column":62}},{"start":{"line":107,"column":65},"end":{"line":107,"column":68}}],"line":107},"15":{"loc":{"start":{"line":108,"column":39},"end":{"line":108,"column":100}},"type":"cond-expr","locations":[{"start":{"line":108,"column":48},"end":{"line":108,"column":60}},{"start":{"line":108,"column":63},"end":{"line":108,"column":100}}],"line":108},"16":{"loc":{"start":{"line":108,"column":63},"end":{"line":108,"column":100}},"type":"cond-expr","locations":[{"start":{"line":108,"column":73},"end":{"line":108,"column":88}},{"start":{"line":108,"column":91},"end":{"line":108,"column":100}}],"line":108},"17":{"loc":{"start":{"line":111,"column":28},"end":{"line":111,"column":64}},"type":"cond-expr","locations":[{"start":{"line":111,"column":48},"end":{"line":111,"column":54}},{"start":{"line":111,"column":57},"end":{"line":111,"column":64}}],"line":111},"18":{"loc":{"start":{"line":111,"column":28},"end":{"line":111,"column":45}},"type":"binary-expr","locations":[{"start":{"line":111,"column":28},"end":{"line":111,"column":35}},{"start":{"line":111,"column":39},"end":{"line":111,"column":45}}],"line":111},"19":{"loc":{"start":{"line":114,"column":28},"end":{"line":114,"column":47}},"type":"binary-expr","locations":[{"start":{"line":114,"column":28},"end":{"line":114,"column":36}},{"start":{"line":114,"column":40},"end":{"line":114,"column":47}}],"line":114},"20":{"loc":{"start":{"line":117,"column":28},"end":{"line":117,"column":61}},"type":"cond-expr","locations":[{"start":{"line":117,"column":37},"end":{"line":117,"column":49}},{"start":{"line":117,"column":52},"end":{"line":117,"column":61}}],"line":117},"21":{"loc":{"start":{"line":120,"column":45},"end":{"line":120,"column":104}},"type":"cond-expr","locations":[{"start":{"line":120,"column":54},"end":{"line":120,"column":74}},{"start":{"line":120,"column":77},"end":{"line":120,"column":104}}],"line":120},"22":{"loc":{"start":{"line":120,"column":77},"end":{"line":120,"column":104}},"type":"cond-expr","locations":[{"start":{"line":120,"column":87},"end":{"line":120,"column":95}},{"start":{"line":120,"column":98},"end":{"line":120,"column":104}}],"line":120},"23":{"loc":{"start":{"line":123,"column":28},"end":{"line":123,"column":55}},"type":"binary-expr","locations":[{"start":{"line":123,"column":28},"end":{"line":123,"column":34}},{"start":{"line":123,"column":38},"end":{"line":123,"column":55}}],"line":123},"24":{"loc":{"start":{"line":128,"column":17},"end":{"line":135,"column":24}},"type":"cond-expr","locations":[{"start":{"line":129,"column":20},"end":{"line":134,"column":27}},{"start":{"line":135,"column":20},"end":{"line":135,"column":24}}],"line":128}},"s":{"0":7,"1":7,"2":7,"3":1,"4":6,"5":6,"6":6,"7":6,"8":1,"9":6,"10":2,"11":4,"12":2,"13":2,"14":13,"15":13,"16":13,"17":13,"18":0,"19":0,"20":7,"21":6,"22":6,"23":1,"24":1,"25":13},"f":{"0":7,"1":6,"2":13,"3":0,"4":7},"b":{"0":[7,0],"1":[1,6],"2":[6,1],"3":[1,5],"4":[2,4],"5":[2,2],"6":[2],"7":[0],"8":[12],"9":[7,6],"10":[6,0],"11":[0,0],"12":[6,1],"13":[7,6],"14":[2,4],"15":[7,6],"16":[2,4],"17":[9,4],"18":[13,11],"19":[13,11],"20":[7,6],"21":[7,6],"22":[2,4],"23":[13,7],"24":[1,12]},"_coverageSchema":"1a1c01bbd47fc00a2c39e90264f33305004495a9","hash":"f19ec8d6d8e836565112f6590b41d9a62320362a"}
,"C:\\Users\\kayla\\Documentos\\Dev\\Projeto Integrado III\\aloya\\frontend\\components\\feedback\\SelectionSheet\\SelectionSheet.jsx": {"path":"C:\\Users\\kayla\\Documentos\\Dev\\Projeto Integrado III\\aloya\\frontend\\components\\feedback\\SelectionSheet\\SelectionSheet.jsx","statementMap":{"0":{"start":{"line":9,"column":4},"end":{"line":9,"column":27}},"1":{"start":{"line":15,"column":12},"end":{"line":15,"column":33}},"2":{"start":{"line":18,"column":8},"end":{"line":26,"column":9}},"3":{"start":{"line":29,"column":4},"end":{"line":55,"column":5}}},"fnMap":{"0":{"name":"obterChave","decl":{"start":{"line":8,"column":9},"end":{"line":8,"column":19}},"loc":{"start":{"line":8,"column":27},"end":{"line":10,"column":1}},"line":8},"1":{"name":"SelectionSheet","decl":{"start":{"line":12,"column":9},"end":{"line":12,"column":23}},"loc":{"start":{"line":12,"column":99},"end":{"line":56,"column":1}},"line":12},"2":{"name":"renderizarOpcao","decl":{"start":{"line":13,"column":13},"end":{"line":13,"column":28}},"loc":{"start":{"line":13,"column":39},"end":{"line":27,"column":5}},"line":13},"3":{"name":"selecionarOpcao","decl":{"start":{"line":14,"column":17},"end":{"line":14,"column":32}},"loc":{"start":{"line":14,"column":35},"end":{"line":16,"column":9}},"line":14}},"branchMap":{"0":{"loc":{"start":{"line":12,"column":42},"end":{"line":12,"column":53}},"type":"default-arg","locations":[{"start":{"line":12,"column":51},"end":{"line":12,"column":53}}],"line":12}},"s":{"0":25,"1":1,"2":19,"3":8},"f":{"0":25,"1":8,"2":19,"3":1},"b":{"0":[0]},"_coverageSchema":"1a1c01bbd47fc00a2c39e90264f33305004495a9","hash":"4b74cbb6396df66af3d0ae990890cfd8d775610c"}
,"C:\\Users\\kayla\\Documentos\\Dev\\Projeto Integrado III\\aloya\\frontend\\components\\navigation\\BottomTab\\BottomTabBar\\BottomTabBar.jsx": {"path":"C:\\Users\\kayla\\Documentos\\Dev\\Projeto Integrado III\\aloya\\frontend\\components\\navigation\\BottomTab\\BottomTabBar\\BottomTabBar.jsx","statementMap":{"0":{"start":{"line":13,"column":13},"end":{"line":39,"column":1}},"1":{"start":{"line":44,"column":12},"end":{"line":44,"column":34}},"2":{"start":{"line":47,"column":8},"end":{"line":57,"column":9}},"3":{"start":{"line":60,"column":4},"end":{"line":64,"column":5}}},"fnMap":{"0":{"name":"BottomTabBar","decl":{"start":{"line":41,"column":9},"end":{"line":41,"column":21}},"loc":{"start":{"line":41,"column":50},"end":{"line":65,"column":1}},"line":41},"1":{"name":"renderizarAba","decl":{"start":{"line":42,"column":13},"end":{"line":42,"column":26}},"loc":{"start":{"line":42,"column":32},"end":{"line":58,"column":5}},"line":42},"2":{"name":"selecionarAba","decl":{"start":{"line":43,"column":17},"end":{"line":43,"column":30}},"loc":{"start":{"line":43,"column":33},"end":{"line":45,"column":9}},"line":43}},"branchMap":{"0":{"loc":{"start":{"line":54,"column":20},"end":{"line":54,"column":82}},"type":"cond-expr","locations":[{"start":{"line":54,"column":57},"end":{"line":54,"column":70}},{"start":{"line":54,"column":73},"end":{"line":54,"column":82}}],"line":54}},"s":{"0":1,"1":5,"2":65,"3":13},"f":{"0":13,"1":65,"2":5},"b":{"0":[60,5]},"_coverageSchema":"1a1c01bbd47fc00a2c39e90264f33305004495a9","hash":"909629e37cc1517c442d14b1f089bc0ba0457bf8"}
,"C:\\Users\\kayla\\Documentos\\Dev\\Projeto Integrado III\\aloya\\frontend\\components\\navigation\\BottomTab\\BottomTabItem\\BottomTabItem.jsx": {"path":"C:\\Users\\kayla\\Documentos\\Dev\\Projeto Integrado III\\aloya\\frontend\\components\\navigation\\BottomTab\\BottomTabItem\\BottomTabItem.jsx","statementMap":{"0":{"start":{"line":6,"column":22},"end":{"line":6,"column":51}},"1":{"start":{"line":8,"column":4},"end":{"line":40,"column":5}}},"fnMap":{"0":{"name":"BottomTabItem","decl":{"start":{"line":5,"column":9},"end":{"line":5,"column":22}},"loc":{"start":{"line":5,"column":72},"end":{"line":41,"column":1}},"line":5}},"branchMap":{"0":{"loc":{"start":{"line":5,"column":46},"end":{"line":5,"column":59}},"type":"default-arg","locations":[{"start":{"line":5,"column":54},"end":{"line":5,"column":59}}],"line":5},"1":{"loc":{"start":{"line":6,"column":22},"end":{"line":6,"column":51}},"type":"cond-expr","locations":[{"start":{"line":6,"column":30},"end":{"line":6,"column":38}},{"start":{"line":6,"column":41},"end":{"line":6,"column":51}}],"line":6},"2":{"loc":{"start":{"line":23,"column":24},"end":{"line":23,"column":50}},"type":"cond-expr","locations":[{"start":{"line":23,"column":32},"end":{"line":23,"column":38}},{"start":{"line":23,"column":41},"end":{"line":23,"column":50}}],"line":23},"3":{"loc":{"start":{"line":30,"column":20},"end":{"line":30,"column":47}},"type":"binary-expr","locations":[{"start":{"line":30,"column":20},"end":{"line":30,"column":25}},{"start":{"line":30,"column":29},"end":{"line":30,"column":47}}],"line":30},"4":{"loc":{"start":{"line":36,"column":13},"end":{"line":38,"column":20}},"type":"cond-expr","locations":[{"start":{"line":37,"column":16},"end":{"line":37,"column":51}},{"start":{"line":38,"column":16},"end":{"line":38,"column":20}}],"line":36}},"s":{"0":75,"1":75},"f":{"0":75},"b":{"0":[7],"1":[15,60],"2":[15,60],"3":[75,15],"4":[15,60]},"_coverageSchema":"1a1c01bbd47fc00a2c39e90264f33305004495a9","hash":"b7444a33f2461ddcdd548f8d05bfea48858dec01"}
,"C:\\Users\\kayla\\Documentos\\Dev\\Projeto Integrado III\\aloya\\frontend\\components\\navigation\\Header\\Header.jsx": {"path":"C:\\Users\\kayla\\Documentos\\Dev\\Projeto Integrado III\\aloya\\frontend\\components\\navigation\\Header\\Header.jsx","statementMap":{"0":{"start":{"line":10,"column":22},"end":{"line":10,"column":46}},"1":{"start":{"line":12,"column":4},"end":{"line":57,"column":5}}},"fnMap":{"0":{"name":"Header","decl":{"start":{"line":5,"column":9},"end":{"line":5,"column":15}},"loc":{"start":{"line":9,"column":3},"end":{"line":58,"column":1}},"line":9}},"branchMap":{"0":{"loc":{"start":{"line":7,"column":4},"end":{"line":7,"column":23}},"type":"default-arg","locations":[{"start":{"line":7,"column":15},"end":{"line":7,"column":23}}],"line":7},"1":{"loc":{"start":{"line":17,"column":20},"end":{"line":17,"column":69}},"type":"binary-expr","locations":[{"start":{"line":17,"column":20},"end":{"line":17,"column":29}},{"start":{"line":17,"column":33},"end":{"line":17,"column":69}}],"line":17},"2":{"loc":{"start":{"line":24,"column":20},"end":{"line":24,"column":60}},"type":"binary-expr","locations":[{"start":{"line":24,"column":20},"end":{"line":24,"column":29}},{"start":{"line":24,"column":33},"end":{"line":24,"column":60}}],"line":24},"3":{"loc":{"start":{"line":27,"column":17},"end":{"line":44,"column":24}},"type":"cond-expr","locations":[{"start":{"line":28,"column":20},"end":{"line":43,"column":32}},{"start":{"line":44,"column":20},"end":{"line":44,"column":24}}],"line":27},"4":{"loc":{"start":{"line":49,"column":24},"end":{"line":49,"column":60}},"type":"binary-expr","locations":[{"start":{"line":49,"column":24},"end":{"line":49,"column":33}},{"start":{"line":49,"column":37},"end":{"line":49,"column":60}}],"line":49}},"s":{"0":8,"1":8},"f":{"0":8},"b":{"0":[2],"1":[8,5],"2":[8,5],"3":[5,3],"4":[8,5]},"_coverageSchema":"1a1c01bbd47fc00a2c39e90264f33305004495a9","hash":"115e4c296b0895c6214b81ea2422f2f86670a506"}
,"C:\\Users\\kayla\\Documentos\\Dev\\Projeto Integrado III\\aloya\\frontend\\features\\auth\\services\\authService.js": {"path":"C:\\Users\\kayla\\Documentos\\Dev\\Projeto Integrado III\\aloya\\frontend\\features\\auth\\services\\authService.js","statementMap":{"0":{"start":{"line":12,"column":25},"end":{"line":15,"column":10}},"1":{"start":{"line":17,"column":8},"end":{"line":21,"column":9}},"2":{"start":{"line":18,"column":12},"end":{"line":20,"column":13}},"3":{"start":{"line":23,"column":8},"end":{"line":23,"column":38}},"4":{"start":{"line":26,"column":4},"end":{"line":26,"column":29}}},"fnMap":{"0":{"name":"criarAuthService","decl":{"start":{"line":7,"column":9},"end":{"line":7,"column":25}},"loc":{"start":{"line":10,"column":3},"end":{"line":27,"column":1}},"line":10},"1":{"name":"encerrarSessao","decl":{"start":{"line":11,"column":19},"end":{"line":11,"column":33}},"loc":{"start":{"line":11,"column":36},"end":{"line":24,"column":5}},"line":11}},"branchMap":{"0":{"loc":{"start":{"line":17,"column":8},"end":{"line":21,"column":9}},"type":"if","locations":[{"start":{"line":17,"column":8},"end":{"line":21,"column":9}},{"start":{},"end":{}}],"line":17}},"s":{"0":0,"1":0,"2":0,"3":0,"4":0},"f":{"0":0,"1":0},"b":{"0":[0,0]}}
,"C:\\Users\\kayla\\Documentos\\Dev\\Projeto Integrado III\\aloya\\frontend\\features\\profile\\models\\userProfile.js": {"path":"C:\\Users\\kayla\\Documentos\\Dev\\Projeto Integrado III\\aloya\\frontend\\features\\profile\\models\\userProfile.js","statementMap":{"0":{"start":{"line":5,"column":18},"end":{"line":5,"column":44}},"1":{"start":{"line":8,"column":8},"end":{"line":18,"column":49}},"2":{"start":{"line":20,"column":4},"end":{"line":24,"column":5}},"3":{"start":{"line":21,"column":8},"end":{"line":23,"column":9}},"4":{"start":{"line":26,"column":4},"end":{"line":33,"column":6}}},"fnMap":{"0":{"name":"criarUserProfile","decl":{"start":{"line":4,"column":9},"end":{"line":4,"column":25}},"loc":{"start":{"line":4,"column":39},"end":{"line":34,"column":1}},"line":4}},"branchMap":{"0":{"loc":{"start":{"line":8,"column":8},"end":{"line":18,"column":49}},"type":"binary-expr","locations":[{"start":{"line":8,"column":8},"end":{"line":8,"column":22}},{"start":{"line":9,"column":11},"end":{"line":9,"column":36}},{"start":{"line":10,"column":11},"end":{"line":10,"column":32}},{"start":{"line":11,"column":11},"end":{"line":11,"column":41}},{"start":{"line":12,"column":11},"end":{"line":12,"column":23}},{"start":{"line":13,"column":11},"end":{"line":13,"column":41}},{"start":{"line":14,"column":11},"end":{"line":14,"column":42}},{"start":{"line":15,"column":12},"end":{"line":15,"column":43}},{"start":{"line":15,"column":47},"end":{"line":15,"column":89}},{"start":{"line":16,"column":11},"end":{"line":16,"column":51}},{"start":{"line":17,"column":11},"end":{"line":17,"column":59}},{"start":{"line":18,"column":11},"end":{"line":18,"column":49}}],"line":8},"1":{"loc":{"start":{"line":20,"column":4},"end":{"line":24,"column":5}},"type":"if","locations":[{"start":{"line":20,"column":4},"end":{"line":24,"column":5}},{"start":{},"end":{}}],"line":20}},"s":{"0":0,"1":0,"2":0,"3":0,"4":0},"f":{"0":0},"b":{"0":[0,0,0,0,0,0,0,0,0,0,0,0],"1":[0,0]}}
,"C:\\Users\\kayla\\Documentos\\Dev\\Projeto Integrado III\\aloya\\frontend\\hooks\\useModal.js": {"path":"C:\\Users\\kayla\\Documentos\\Dev\\Projeto Integrado III\\aloya\\frontend\\hooks\\useModal.js","statementMap":{"0":{"start":{"line":5,"column":34},"end":{"line":5,"column":71}},"1":{"start":{"line":7,"column":23},"end":{"line":9,"column":10}},"2":{"start":{"line":8,"column":8},"end":{"line":8,"column":24}},"3":{"start":{"line":11,"column":24},"end":{"line":13,"column":10}},"4":{"start":{"line":12,"column":8},"end":{"line":12,"column":25}},"5":{"start":{"line":15,"column":4},"end":{"line":15,"column":45}}},"fnMap":{"0":{"name":"useModal","decl":{"start":{"line":4,"column":9},"end":{"line":4,"column":17}},"loc":{"start":{"line":4,"column":46},"end":{"line":16,"column":1}},"line":4},"1":{"name":"(anonymous_1)","decl":{"start":{"line":7,"column":35},"end":{"line":7,"column":36}},"loc":{"start":{"line":7,"column":41},"end":{"line":9,"column":5}},"line":7},"2":{"name":"(anonymous_2)","decl":{"start":{"line":11,"column":36},"end":{"line":11,"column":37}},"loc":{"start":{"line":11,"column":42},"end":{"line":13,"column":5}},"line":11}},"branchMap":{"0":{"loc":{"start":{"line":4,"column":18},"end":{"line":4,"column":44}},"type":"default-arg","locations":[{"start":{"line":4,"column":39},"end":{"line":4,"column":44}}],"line":4}},"s":{"0":10,"1":10,"2":3,"3":10,"4":3,"5":10},"f":{"0":10,"1":3,"2":3},"b":{"0":[0]},"_coverageSchema":"1a1c01bbd47fc00a2c39e90264f33305004495a9","hash":"8b7c10a87314beec1948abe5c8cf7d391be9882b"}
,"C:\\Users\\kayla\\Documentos\\Dev\\Projeto Integrado III\\aloya\\frontend\\hooks\\useTheme.js": {"path":"C:\\Users\\kayla\\Documentos\\Dev\\Projeto Integrado III\\aloya\\frontend\\hooks\\useTheme.js","statementMap":{"0":{"start":{"line":5,"column":4},"end":{"line":5,"column":15}}},"fnMap":{"0":{"name":"useTheme","decl":{"start":{"line":4,"column":9},"end":{"line":4,"column":17}},"loc":{"start":{"line":4,"column":20},"end":{"line":6,"column":1}},"line":4}},"branchMap":{},"s":{"0":0},"f":{"0":0},"b":{}}
,"C:\\Users\\kayla\\Documentos\\Dev\\Projeto Integrado III\\aloya\\frontend\\layouts\\BottomSheet\\BottomSheetLayout.jsx": {"path":"C:\\Users\\kayla\\Documentos\\Dev\\Projeto Integrado III\\aloya\\frontend\\layouts\\BottomSheet\\BottomSheetLayout.jsx","statementMap":{"0":{"start":{"line":8,"column":8},"end":{"line":10,"column":9}},"1":{"start":{"line":9,"column":12},"end":{"line":9,"column":24}},"2":{"start":{"line":13,"column":4},"end":{"line":39,"column":5}}},"fnMap":{"0":{"name":"BottomSheetLayout","decl":{"start":{"line":6,"column":9},"end":{"line":6,"column":26}},"loc":{"start":{"line":6,"column":87},"end":{"line":40,"column":1}},"line":6},"1":{"name":"fecharPeloX","decl":{"start":{"line":7,"column":13},"end":{"line":7,"column":24}},"loc":{"start":{"line":7,"column":27},"end":{"line":11,"column":5}},"line":7}},"branchMap":{"0":{"loc":{"start":{"line":6,"column":47},"end":{"line":6,"column":73}},"type":"default-arg","locations":[{"start":{"line":6,"column":68},"end":{"line":6,"column":73}}],"line":6},"1":{"loc":{"start":{"line":8,"column":8},"end":{"line":10,"column":9}},"type":"if","locations":[{"start":{"line":8,"column":8},"end":{"line":10,"column":9}},{"start":{},"end":{}}],"line":8}},"s":{"0":3,"1":3,"2":9},"f":{"0":9,"1":3},"b":{"0":[6],"1":[3,0]},"_coverageSchema":"1a1c01bbd47fc00a2c39e90264f33305004495a9","hash":"1905b52fbe8caebf8146197b2b1cb7518e3d33ac"}
,"C:\\Users\\kayla\\Documentos\\Dev\\Projeto Integrado III\\aloya\\frontend\\layouts\\MainLayout\\MainLayout.jsx": {"path":"C:\\Users\\kayla\\Documentos\\Dev\\Projeto Integrado III\\aloya\\frontend\\layouts\\MainLayout\\MainLayout.jsx","statementMap":{"0":{"start":{"line":9,"column":4},"end":{"line":32,"column":5}}},"fnMap":{"0":{"name":"MainLayout","decl":{"start":{"line":8,"column":9},"end":{"line":8,"column":19}},"loc":{"start":{"line":8,"column":104},"end":{"line":33,"column":1}},"line":8}},"branchMap":{"0":{"loc":{"start":{"line":8,"column":29},"end":{"line":8,"column":54}},"type":"default-arg","locations":[{"start":{"line":8,"column":46},"end":{"line":8,"column":54}}],"line":8}},"s":{"0":4},"f":{"0":4},"b":{"0":[3]},"_coverageSchema":"1a1c01bbd47fc00a2c39e90264f33305004495a9","hash":"b8fd1fe3f08ebef4fdb2ced7b5c1a7f021f81496"}
,"C:\\Users\\kayla\\Documentos\\Dev\\Projeto Integrado III\\aloya\\frontend\\services\\api\\endpoints.js": {"path":"C:\\Users\\kayla\\Documentos\\Dev\\Projeto Integrado III\\aloya\\frontend\\services\\api\\endpoints.js","statementMap":{"0":{"start":{"line":3,"column":21},"end":{"line":3,"column":32}},"1":{"start":{"line":5,"column":18},"end":{"line":10,"column":2}}},"fnMap":{},"branchMap":{},"s":{"0":0,"1":0},"f":{},"b":{}}
,"C:\\Users\\kayla\\Documentos\\Dev\\Projeto Integrado III\\aloya\\frontend\\utils\\getMonthDays.js": {"path":"C:\\Users\\kayla\\Documentos\\Dev\\Projeto Integrado III\\aloya\\frontend\\utils\\getMonthDays.js","statementMap":{"0":{"start":{"line":3,"column":4},"end":{"line":12,"column":5}},"1":{"start":{"line":11,"column":8},"end":{"line":11,"column":17}},"2":{"start":{"line":15,"column":8},"end":{"line":15,"column":42}},"3":{"start":{"line":18,"column":8},"end":{"line":18,"column":39}},"4":{"start":{"line":20,"column":18},"end":{"line":20,"column":20}},"5":{"start":{"line":22,"column":4},"end":{"line":28,"column":5}},"6":{"start":{"line":23,"column":22},"end":{"line":23,"column":23}},"7":{"start":{"line":27,"column":8},"end":{"line":27,"column":24}},"8":{"start":{"line":30,"column":4},"end":{"line":43,"column":5}},"9":{"start":{"line":31,"column":18},"end":{"line":31,"column":19}},"10":{"start":{"line":35,"column":34},"end":{"line":35,"column":62}},"11":{"start":{"line":37,"column":34},"end":{"line":37,"column":62}},"12":{"start":{"line":39,"column":8},"end":{"line":42,"column":10}},"13":{"start":{"line":45,"column":4},"end":{"line":47,"column":5}},"14":{"start":{"line":46,"column":8},"end":{"line":46,"column":24}},"15":{"start":{"line":49,"column":4},"end":{"line":49,"column":16}}},"fnMap":{"0":{"name":"getMonthDays","decl":{"start":{"line":2,"column":9},"end":{"line":2,"column":21}},"loc":{"start":{"line":2,"column":32},"end":{"line":50,"column":1}},"line":2}},"branchMap":{"0":{"loc":{"start":{"line":3,"column":4},"end":{"line":12,"column":5}},"type":"if","locations":[{"start":{"line":3,"column":4},"end":{"line":12,"column":5}},{"start":{},"end":{}}],"line":3},"1":{"loc":{"start":{"line":4,"column":8},"end":{"line":9,"column":19}},"type":"binary-expr","locations":[{"start":{"line":4,"column":8},"end":{"line":4,"column":30}},{"start":{"line":5,"column":11},"end":{"line":5,"column":21}},{"start":{"line":6,"column":11},"end":{"line":6,"column":21}},{"start":{"line":7,"column":11},"end":{"line":7,"column":33}},{"start":{"line":8,"column":11},"end":{"line":8,"column":18}},{"start":{"line":9,"column":11},"end":{"line":9,"column":19}}],"line":4}},"s":{"0":11,"1":0,"2":11,"3":11,"4":11,"5":11,"6":11,"7":29,"8":11,"9":11,"10":334,"11":334,"12":334,"13":11,"14":29,"15":11},"f":{"0":11},"b":{"0":[0,11],"1":[11,11,11,11,11,11]},"_coverageSchema":"1a1c01bbd47fc00a2c39e90264f33305004495a9","hash":"3f53bc6f7ca513001357db26fc21375bb2a22345"}
}
