TN:
SF:components\common\Button\ButtonSelection\ButtonSelection.jsx
FN:5,ButtonSelection
FNF:1
FNH:1
FNDA:28,ButtonSelection
DA:6,28
LF:1
LH:1
BRDA:5,0,0,7
BRDA:5,1,0,27
BRDA:14,2,0,28
BRDA:14,2,1,9
BRDA:15,3,0,28
BRDA:15,3,1,1
BRDA:18,4,0,3
BRDA:18,4,1,25
BRDA:21,5,0,2
BRDA:21,5,1,1
BRDA:29,6,0,28
BRDA:29,6,1,9
BRDA:35,7,0,13
BRDA:35,7,1,15
BRF:14
BRH:14
end_of_record
TN:
SF:components\common\NavigationField\NavigationField.jsx
FN:16,obterPaleta
FN:22,NavigationField
FNF:2
FNH:2
FNDA:18,obterPaleta
FNDA:18,NavigationField
DA:8,1
DA:17,18
DA:23,18
DA:25,18
DA:26,18
DA:27,18
DA:29,18
LF:7
LH:7
BRDA:18,0,0,18
BRDA:18,0,1,1
BRDA:22,1,0,14
BRDA:22,2,0,12
BRDA:22,3,0,17
BRDA:27,4,0,18
BRDA:27,4,1,17
BRDA:39,5,0,18
BRDA:39,5,1,2
BRDA:40,6,0,18
BRDA:40,6,1,2
BRDA:41,7,0,18
BRDA:41,7,1,2
BRDA:44,8,0,9
BRDA:44,8,1,9
BRDA:48,9,0,9
BRDA:48,9,1,1
BRDA:53,10,0,2
BRDA:53,10,1,7
BRDA:53,11,0,9
BRDA:53,11,1,8
BRDA:68,12,0,4
BRDA:68,12,1,14
BRDA:68,13,0,18
BRDA:68,13,1,16
BRDA:69,14,0,2
BRDA:69,14,1,16
BRF:27
BRH:27
end_of_record
TN:
SF:components\feedback\Bottomsheet\BottomSheet.jsx
FN:6,BottomSheet
FN:30,animarEntrada
FN:40,animarSaida
FN:47,(anonymous_3)
FN:55,(anonymous_4)
FN:72,quandoModalAparecer
FN:80,solicitarFechamento
FNF:7
FNH:7
FNDA:15,BottomSheet
FNDA:1,animarEntrada
FNDA:4,animarSaida
FNDA:2,(anonymous_3)
FNDA:14,(anonymous_4)
FNDA:1,quandoModalAparecer
FNDA:3,solicitarFechamento
DA:7,15
DA:11,15
DA:15,15
DA:17,15
DA:18,15
DA:19,15
DA:21,15
DA:23,15
DA:31,1
DA:41,4
DA:48,2
DA:49,1
DA:50,1
DA:55,15
DA:56,14
DA:57,10
DA:58,0
DA:59,0
DA:60,0
DA:61,10
DA:62,0
DA:64,10
DA:67,4
DA:68,4
DA:73,1
DA:75,1
DA:76,1
DA:81,3
DA:82,2
DA:86,15
LF:30
LH:26
BRDA:6,0,0,14
BRDA:48,1,0,1
BRDA:48,1,1,1
BRDA:48,2,0,2
BRDA:48,2,1,1
BRDA:56,3,0,10
BRDA:56,3,1,4
BRDA:57,4,0,0
BRDA:57,4,1,10
BRDA:61,5,0,0
BRDA:61,5,1,10
BRDA:67,6,0,4
BRDA:67,6,1,0
BRDA:75,7,0,1
BRDA:75,7,1,0
BRDA:81,8,0,2
BRDA:81,8,1,1
BRDA:96,9,0,15
BRDA:96,9,1,0
BRF:19
BRH:14
end_of_record
TN:
SF:components\feedback\DatePickerSheet\DatePickerSheet.jsx
FN:28,lerData
FN:70,obterDataInicial
FN:88,obterInicioDoMes
FN:94,obterFimDoMes
FN:107,deslocarMes
FN:116,obterChaveDoAno
FN:120,obterChaveDoMes
FN:124,obterAno
FN:130,obterQuantidadeDeAnos
FN:134,medirAno
FN:142,DiaCalendario
FN:143,selecionarDia
FN:179,LinhaCalendario
FN:186,(anonymous_13)
FN:216,DatePickerSheet
FN:217,(anonymous_15)
FN:227,(anonymous_16)
FN:228,(anonymous_17)
FN:230,(anonymous_18)
FN:247,(anonymous_19)
FN:265,(anonymous_20)
FN:279,(anonymous_21)
FN:289,(anonymous_22)
FN:293,(anonymous_23)
FN:297,(anonymous_24)
FN:303,(anonymous_25)
FN:309,(anonymous_26)
FN:318,(anonymous_27)
FN:355,(anonymous_28)
FN:356,(anonymous_29)
FN:366,(anonymous_30)
FN:369,escolherMes
FN:406,(anonymous_32)
FN:410,escolherAno
FN:447,(anonymous_34)
FN:451,(anonymous_35)
FN:714,(anonymous_36)
FN:750,(anonymous_37)
FNF:38
FNH:30
FNDA:32,lerData
FNDA:16,obterDataInicial
FNDA:62,obterInicioDoMes
FNDA:62,obterFimDoMes
FNDA:24,deslocarMes
FNDA:0,obterChaveDoAno
FNDA:13,obterChaveDoMes
FNDA:0,obterAno
FNDA:0,obterQuantidadeDeAnos
FNDA:0,medirAno
FNDA:334,DiaCalendario
FNDA:4,selecionarDia
FNDA:56,LinhaCalendario
FNDA:392,(anonymous_13)
FNDA:24,DatePickerSheet
FNDA:8,(anonymous_15)
FNDA:8,(anonymous_16)
FNDA:8,(anonymous_17)
FNDA:8,(anonymous_18)
FNDA:62,(anonymous_19)
FNDA:0,(anonymous_20)
FNDA:2,(anonymous_21)
FNDA:1,(anonymous_22)
FNDA:1,(anonymous_23)
FNDA:1,(anonymous_24)
FNDA:0,(anonymous_25)
FNDA:334,(anonymous_26)
FNDA:4,(anonymous_27)
FNDA:11,(anonymous_28)
FNDA:11,(anonymous_29)
FNDA:12,(anonymous_30)
FNDA:1,escolherMes
FNDA:0,(anonymous_32)
FNDA:0,escolherAno
FNDA:11,(anonymous_34)
FNDA:11,(anonymous_35)
FNDA:161,(anonymous_36)
FNDA:117,(anonymous_37)
DA:14,1
DA:15,1
DA:16,1
DA:18,1
DA:19,1
DA:21,1
DA:26,1
DA:29,32
DA:30,14
DA:33,18
DA:35,18
DA:36,0
DA:39,18
DA:40,18
DA:41,18
DA:43,18
DA:46,0
DA:50,18
DA:56,18
DA:59,0
DA:62,18
DA:71,16
DA:73,16
DA:74,16
DA:80,0
DA:82,0
DA:89,62
DA:96,62
DA:102,62
DA:108,24
DA:110,24
DA:117,0
DA:121,13
DA:125,0
DA:131,0
DA:135,0
DA:144,4
DA:147,334
DA:177,1
DA:180,56
DA:187,392
DA:188,58
DA:196,334
DA:214,1
DA:217,24
DA:218,24
DA:219,24
DA:220,24
DA:222,24
DA:224,24
DA:225,24
DA:227,24
DA:228,24
DA:230,24
DA:231,8
DA:232,0
DA:235,8
DA:241,8
DA:242,8
DA:247,24
DA:248,62
DA:251,0
DA:254,62
DA:255,62
DA:257,62
DA:258,62
DA:260,62
DA:265,24
DA:266,0
DA:267,0
DA:270,0
DA:271,0
DA:272,0
DA:276,0
DA:279,24
DA:280,2
DA:282,2
DA:283,0
DA:286,2
DA:289,24
DA:290,1
DA:293,24
DA:294,1
DA:297,24
DA:298,1
DA:299,1
DA:303,24
DA:304,0
DA:305,0
DA:309,24
DA:310,334
DA:311,334
DA:313,334
DA:318,24
DA:319,4
DA:320,0
DA:323,4
DA:324,1
DA:325,1
DA:328,3
DA:330,3
DA:331,3
DA:333,3
DA:335,3
DA:336,3
DA:337,2
DA:338,1
DA:339,1
DA:342,1
DA:344,1
DA:346,3
DA:347,3
DA:350,2
DA:351,1
DA:355,24
DA:356,24
DA:357,11
DA:358,56
DA:363,11
DA:366,24
DA:367,12
DA:370,1
DA:371,0
DA:374,1
DA:379,1
DA:382,12
DA:406,24
DA:407,0
DA:408,0
DA:411,0
DA:412,0
DA:415,0
DA:420,0
DA:423,0
DA:447,24
DA:450,24
DA:452,11
DA:464,24
DA:470,24
DA:476,24
DA:481,24
DA:485,24
DA:717,161
DA:754,117
LF:144
LH:115
BRDA:29,0,0,14
BRDA:29,0,1,18
BRDA:35,1,0,0
BRDA:35,1,1,18
BRDA:43,2,0,0
BRDA:43,2,1,18
BRDA:44,3,0,18
BRDA:44,3,1,18
BRDA:44,3,2,18
BRDA:44,3,3,18
BRDA:56,4,0,0
BRDA:56,4,1,18
BRDA:57,5,0,18
BRDA:57,5,1,18
BRDA:73,6,0,16
BRDA:73,6,1,0
BRDA:151,7,0,334
BRDA:151,7,1,314
BRDA:156,8,0,334
BRDA:156,8,1,314
BRDA:160,9,0,334
BRDA:160,9,1,9
BRDA:166,10,0,334
BRDA:166,10,1,20
BRDA:167,11,0,334
BRDA:167,11,1,9
BRDA:187,12,0,58
BRDA:187,12,1,334
BRDA:216,13,0,22
BRDA:216,14,0,0
BRDA:216,15,0,22
BRDA:216,16,0,22
BRDA:231,17,0,0
BRDA:231,17,1,8
BRDA:248,18,0,0
BRDA:248,18,1,62
BRDA:249,19,0,62
BRDA:249,19,1,62
BRDA:257,20,0,62
BRDA:257,20,1,4
BRDA:258,21,0,62
BRDA:258,21,1,4
BRDA:261,22,0,62
BRDA:261,22,1,60
BRDA:266,23,0,0
BRDA:266,23,1,0
BRDA:271,24,0,0
BRDA:271,24,1,0
BRDA:282,25,0,0
BRDA:282,25,1,2
BRDA:298,26,0,1
BRDA:298,26,1,0
BRDA:304,27,0,0
BRDA:304,27,1,0
BRDA:310,28,0,334
BRDA:310,28,1,31
BRDA:311,29,0,334
BRDA:311,29,1,31
BRDA:314,30,0,334
BRDA:314,30,1,325
BRDA:319,31,0,0
BRDA:319,31,1,4
BRDA:323,32,0,1
BRDA:323,32,1,3
BRDA:337,33,0,1
BRDA:337,33,1,1
BRDA:350,34,0,1
BRDA:350,34,1,1
BRDA:370,35,0,0
BRDA:370,35,1,1
BRDA:370,36,0,1
BRDA:370,36,1,1
BRDA:385,37,0,12
BRDA:385,37,1,12
BRDA:390,38,0,12
BRDA:390,38,1,12
BRDA:396,39,0,12
BRDA:396,39,1,1
BRDA:397,40,0,12
BRDA:397,40,1,0
BRDA:411,41,0,0
BRDA:411,41,1,0
BRDA:411,42,0,0
BRDA:411,42,1,0
BRDA:426,43,0,0
BRDA:426,43,1,0
BRDA:431,44,0,0
BRDA:431,44,1,0
BRDA:437,45,0,0
BRDA:437,45,1,0
BRDA:438,46,0,0
BRDA:438,46,1,0
BRDA:515,47,0,24
BRDA:515,47,1,22
BRDA:522,48,0,24
BRDA:522,48,1,22
BRDA:608,49,0,24
BRDA:608,49,1,22
BRDA:615,50,0,24
BRDA:615,50,1,22
BRDA:632,51,0,1
BRDA:632,51,1,23
BRDA:655,52,0,0
BRDA:655,52,1,23
BRDA:792,53,0,0
BRDA:792,53,1,24
BRDA:807,54,0,3
BRDA:807,54,1,21
BRF:108
BRH:76
end_of_record
TN:
SF:components\feedback\EditFieldSheet\EditFieldSheet.jsx
FN:8,obterDataVisivel
FN:25,formatarDataDigitada
FN:54,EditFieldSheet
FN:63,focarCampo
FN:69,tratarMudanca
FNF:5
FNH:4
FNDA:7,obterDataVisivel
FNDA:6,formatarDataDigitada
FNDA:13,EditFieldSheet
FNDA:0,focarCampo
FNDA:7,tratarMudanca
DA:9,7
DA:12,7
DA:14,7
DA:15,1
DA:22,6
DA:26,6
DA:29,6
DA:32,6
DA:33,1
DA:36,6
DA:37,2
DA:40,4
DA:41,2
DA:47,2
DA:55,13
DA:56,13
DA:57,13
DA:59,13
DA:64,0
DA:65,0
DA:70,7
DA:71,6
DA:77,6
DA:80,1
DA:82,1
DA:85,13
LF:26
LH:24
BRDA:9,0,0,7
BRDA:9,0,1,0
BRDA:14,1,0,1
BRDA:14,1,1,6
BRDA:29,2,0,6
BRDA:29,2,1,1
BRDA:32,3,0,1
BRDA:32,3,1,5
BRDA:36,4,0,2
BRDA:36,4,1,4
BRDA:40,5,0,2
BRDA:40,5,1,2
BRDA:54,6,0,2
BRDA:54,7,0,0
BRDA:54,8,0,12
BRDA:59,9,0,7
BRDA:59,9,1,6
BRDA:61,10,0,6
BRDA:61,10,1,0
BRDA:64,11,0,0
BRDA:64,11,1,0
BRDA:70,12,0,6
BRDA:70,12,1,1
BRDA:107,13,0,7
BRDA:107,13,1,6
BRDA:107,14,0,2
BRDA:107,14,1,4
BRDA:108,15,0,7
BRDA:108,15,1,6
BRDA:108,16,0,2
BRDA:108,16,1,4
BRDA:111,17,0,9
BRDA:111,17,1,4
BRDA:111,18,0,13
BRDA:111,18,1,11
BRDA:114,19,0,13
BRDA:114,19,1,11
BRDA:117,20,0,7
BRDA:117,20,1,6
BRDA:120,21,0,7
BRDA:120,21,1,6
BRDA:120,22,0,2
BRDA:120,22,1,4
BRDA:123,23,0,13
BRDA:123,23,1,7
BRDA:128,24,0,1
BRDA:128,24,1,12
BRF:47
BRH:42
end_of_record
TN:
SF:components\feedback\SelectionSheet\SelectionSheet.jsx
FN:8,obterChave
FN:12,SelectionSheet
FN:13,renderizarOpcao
FN:14,selecionarOpcao
FNF:4
FNH:4
FNDA:25,obterChave
FNDA:8,SelectionSheet
FNDA:19,renderizarOpcao
FNDA:1,selecionarOpcao
DA:9,25
DA:15,1
DA:18,19
DA:29,8
LF:4
LH:4
BRDA:12,0,0,0
BRF:1
BRH:0
end_of_record
TN:
SF:components\navigation\BottomTab\BottomTabBar\BottomTabBar.jsx
FN:41,BottomTabBar
FN:42,renderizarAba
FN:43,selecionarAba
FNF:3
FNH:3
FNDA:13,BottomTabBar
FNDA:65,renderizarAba
FNDA:5,selecionarAba
DA:13,1
DA:44,5
DA:47,65
DA:60,13
LF:4
LH:4
BRDA:54,0,0,60
BRDA:54,0,1,5
BRF:2
BRH:2
end_of_record
TN:
SF:components\navigation\BottomTab\BottomTabItem\BottomTabItem.jsx
FN:5,BottomTabItem
FNF:1
FNH:1
FNDA:75,BottomTabItem
DA:6,75
DA:8,75
LF:2
LH:2
BRDA:5,0,0,7
BRDA:6,1,0,15
BRDA:6,1,1,60
BRDA:23,2,0,15
BRDA:23,2,1,60
BRDA:30,3,0,75
BRDA:30,3,1,15
BRDA:36,4,0,15
BRDA:36,4,1,60
BRF:9
BRH:9
end_of_record
TN:
SF:components\navigation\Header\Header.jsx
FN:5,Header
FNF:1
FNH:1
FNDA:8,Header
DA:10,8
DA:12,8
LF:2
LH:2
BRDA:7,0,0,2
BRDA:17,1,0,8
BRDA:17,1,1,5
BRDA:24,2,0,8
BRDA:24,2,1,5
BRDA:27,3,0,5
BRDA:27,3,1,3
BRDA:49,4,0,8
BRDA:49,4,1,5
BRF:9
BRH:9
end_of_record
TN:
SF:features\auth\services\authService.js
FN:7,criarAuthService
FN:11,encerrarSessao
FNF:2
FNH:0
FNDA:0,criarAuthService
FNDA:0,encerrarSessao
DA:12,0
DA:17,0
DA:18,0
DA:23,0
DA:26,0
LF:5
LH:0
BRDA:17,0,0,0
BRDA:17,0,1,0
BRF:2
BRH:0
end_of_record
TN:
SF:features\profile\models\userProfile.js
FN:4,criarUserProfile
FNF:1
FNH:0
FNDA:0,criarUserProfile
DA:5,0
DA:8,0
DA:20,0
DA:21,0
DA:26,0
LF:5
LH:0
BRDA:8,0,0,0
BRDA:8,0,1,0
BRDA:8,0,2,0
BRDA:8,0,3,0
BRDA:8,0,4,0
BRDA:8,0,5,0
BRDA:8,0,6,0
BRDA:8,0,7,0
BRDA:8,0,8,0
BRDA:8,0,9,0
BRDA:8,0,10,0
BRDA:8,0,11,0
BRDA:20,1,0,0
BRDA:20,1,1,0
BRF:14
BRH:0
end_of_record
TN:
SF:hooks\useModal.js
FN:4,useModal
FN:7,(anonymous_1)
FN:11,(anonymous_2)
FNF:3
FNH:3
FNDA:10,useModal
FNDA:3,(anonymous_1)
FNDA:3,(anonymous_2)
DA:5,10
DA:7,10
DA:8,3
DA:11,10
DA:12,3
DA:15,10
LF:6
LH:6
BRDA:4,0,0,0
BRF:1
BRH:0
end_of_record
TN:
SF:hooks\useTheme.js
FN:4,useTheme
FNF:1
FNH:0
FNDA:0,useTheme
DA:5,0
LF:1
LH:0
BRF:0
BRH:0
end_of_record
TN:
SF:layouts\BottomSheet\BottomSheetLayout.jsx
FN:6,BottomSheetLayout
FN:7,fecharPeloX
FNF:2
FNH:2
FNDA:9,BottomSheetLayout
FNDA:3,fecharPeloX
DA:8,3
DA:9,3
DA:13,9
LF:3
LH:3
BRDA:6,0,0,6
BRDA:8,1,0,3
BRDA:8,1,1,0
BRF:3
BRH:2
end_of_record
TN:
SF:layouts\MainLayout\MainLayout.jsx
FN:8,MainLayout
FNF:1
FNH:1
FNDA:4,MainLayout
DA:9,4
LF:1
LH:1
BRDA:8,0,0,3
BRF:1
BRH:1
end_of_record
TN:
SF:services\api\endpoints.js
FNF:0
FNH:0
DA:3,0
DA:5,0
LF:2
LH:0
BRF:0
BRH:0
end_of_record
TN:
SF:utils\getMonthDays.js
FN:2,getMonthDays
FNF:1
FNH:1
FNDA:11,getMonthDays
DA:3,11
DA:11,0
DA:15,11
DA:18,11
DA:20,11
DA:22,11
DA:23,11
DA:27,29
DA:30,11
DA:31,11
DA:35,334
DA:37,334
DA:39,334
DA:45,11
DA:46,29
DA:49,11
LF:16
LH:15
BRDA:3,0,0,0
BRDA:3,0,1,11
BRDA:4,1,0,11
BRDA:4,1,1,11
BRDA:4,1,2,11
BRDA:4,1,3,11
BRDA:4,1,4,11
BRDA:4,1,5,11
BRF:8
BRH:7
end_of_record
